<?xml version="1.0" encoding="utf-8"?>
<test-run id="2" testcasecount="3" result="Passed" total="3" passed="3" failed="0" inconclusive="0" skipped="0" asserts="0" engine-version="3.5.0.0" clr-version="4.0.30319.42000" start-time="2026-09-08 12:13:26Z" end-time="2026-09-08 12:13:38Z" duration="11.7852856">
  <test-suite type="TestSuite" id="1085" name="별을 물어오는 밤" fullname="별을 물어오는 밤" runstate="Runnable" testcasecount="48" result="Passed" start-time="2026-09-08 12:13:26Z" end-time="2026-09-08 12:13:38Z" duration="11.785286" total="3" passed="3" failed="0" inconclusive="0" skipped="0" asserts="0">
    <properties>
      <property name="platform" value="PlayMode" />
    </properties>
    <test-suite type="Assembly" id="1054" name="Game.Character.Live.PlayMode.Tests.dll" fullname="C:/Users/user/Documents/GitHub/Optimal-Selection/Constant/Library/ScriptAssemblies/Game.Character.Live.PlayMode.Tests.dll" runstate="Runnable" testcasecount="42" result="Passed" start-time="2026-09-08 12:13:26Z" end-time="2026-09-08 12:13:38Z" duration="11.778121" total="3" passed="3" failed="0" inconclusive="0" skipped="0" asserts="0">
      <properties>
        <property name="_PID" value="34388" />
        <property name="_APPDOMAIN" value="Unity Child Domain" />
        <property name="platform" value="PlayMode" />
        <property name="EditorOnly" value="False" />
      </properties>
      <test-suite type="TestSuite" id="1055" name="StarNight" fullname="StarNight" runstate="Runnable" testcasecount="42" result="Passed" start-time="2026-09-08 12:13:26Z" end-time="2026-09-08 12:13:38Z" duration="11.776193" total="3" passed="3" failed="0" inconclusive="0" skipped="0" asserts="0">
        <properties />
        <test-suite type="TestSuite" id="1056" name="Character" fullname="StarNight.Character" runstate="Runnable" testcasecount="42" result="Passed" start-time="2026-09-08 12:13:26Z" end-time="2026-09-08 12:13:38Z" duration="11.774695" total="3" passed="3" failed="0" inconclusive="0" skipped="0" asserts="0">
          <properties />
          <test-suite type="TestSuite" id="1057" name="Tests" fullname="StarNight.Character.Tests" runstate="Runnable" testcasecount="42" result="Passed" start-time="2026-09-08 12:13:26Z" end-time="2026-09-08 12:13:38Z" duration="11.773144" total="3" passed="3" failed="0" inconclusive="0" skipped="0" asserts="0">
            <properties />
            <test-suite type="TestSuite" id="1058" name="PlayMode" fullname="StarNight.Character.Tests.PlayMode" runstate="Runnable" testcasecount="42" result="Passed" start-time="2026-09-08 12:13:26Z" end-time="2026-09-08 12:13:38Z" duration="11.771810" total="3" passed="3" failed="0" inconclusive="0" skipped="0" asserts="0">
              <properties />
              <test-suite type="TestSuite" id="1059" name="Rmap08" fullname="StarNight.Character.Tests.PlayMode.Rmap08" runstate="Runnable" testcasecount="3" result="Passed" start-time="2026-09-08 12:13:26Z" end-time="2026-09-08 12:13:38Z" duration="11.770137" total="3" passed="3" failed="0" inconclusive="0" skipped="0" asserts="0">
                <properties />
                <test-suite type="TestFixture" id="1014" name="RmapPortLabPlayModeTests" fullname="StarNight.Character.Tests.PlayMode.Rmap08.RmapPortLabPlayModeTests" classname="StarNight.Character.Tests.PlayMode.Rmap08.RmapPortLabPlayModeTests" runstate="Runnable" testcasecount="3" result="Passed" start-time="2026-09-08 12:13:26Z" end-time="2026-09-08 12:13:38Z" duration="11.768760" total="3" passed="3" failed="0" inconclusive="0" skipped="0" asserts="0">
                  <properties>
                    <property name="Category" value="RMAP08" />
                  </properties>
                  <test-case id="1015" name="A05_A18_SavedPortLab_ContainsActualPlayerAndPhysicalTilemapColliderForEveryChunk" fullname="StarNight.Character.Tests.PlayMode.Rmap08.RmapPortLabPlayModeTests.A05_A18_SavedPortLab_ContainsActualPlayerAndPhysicalTilemapColliderForEveryChunk" methodname="A05_A18_SavedPortLab_ContainsActualPlayerAndPhysicalTilemapColliderForEveryChunk" classname="StarNight.Character.Tests.PlayMode.Rmap08.RmapPortLabPlayModeTests" runstate="Runnable" seed="1721497818" result="Passed" start-time="2026-09-08 12:13:26Z" end-time="2026-09-08 12:13:27Z" duration="0.840709" asserts="0">
                    <properties>
                      <property name="_JOINTYPE" value="UnityCombinatorial" />
                      <property name="retryIteration" value="0" />
                      <property name="repeatIteration" value="0" />
                    </properties>
                  </test-case>
                  <test-case id="1016" name="A19_ActualPlayer_CrossesOpenBoundaryAndIsBlockedByInactiveSolidCollider" fullname="StarNight.Character.Tests.PlayMode.Rmap08.RmapPortLabPlayModeTests.A19_ActualPlayer_CrossesOpenBoundaryAndIsBlockedByInactiveSolidCollider" methodname="A19_ActualPlayer_CrossesOpenBoundaryAndIsBlockedByInactiveSolidCollider" classname="StarNight.Character.Tests.PlayMode.Rmap08.RmapPortLabPlayModeTests" runstate="Runnable" seed="1183636784" result="Passed" start-time="2026-09-08 12:13:27Z" end-time="2026-09-08 12:13:33Z" duration="5.756897" asserts="0">
                    <properties>
                      <property name="_JOINTYPE" value="UnityCombinatorial" />
                      <property name="retryIteration" value="0" />
                      <property name="repeatIteration" value="0" />
                    </properties>
                  </test-case>
                  <test-case id="1017" name="A20_ActualPlayer_UsesType2SideToDownAndType3UpwardOnlyFixturePaths" fullname="StarNight.Character.Tests.PlayMode.Rmap08.RmapPortLabPlayModeTests.A20_ActualPlayer_UsesType2SideToDownAndType3UpwardOnlyFixturePaths" methodname="A20_ActualPlayer_UsesType2SideToDownAndType3UpwardOnlyFixturePaths" classname="StarNight.Character.Tests.PlayMode.Rmap08.RmapPortLabPlayModeTests" runstate="Runnable" seed="144557916" result="Passed" start-time="2026-09-08 12:13:33Z" end-time="2026-09-08 12:13:38Z" duration="5.158424" asserts="0">
                    <properties>
                      <property name="_JOINTYPE" value="UnityCombinatorial" />
                      <property name="retryIteration" value="0" />
                      <property name="repeatIteration" value="0" />
                    </properties>
                    <output><![CDATA[<b><color=#2EA3FF>MCP-FOR-UNITY</color></b>: [TestRunnerNoThrottle] Restored Interaction Mode after test run.
Saving results to: C:/Users/user/AppData/LocalLow/DefaultCompany/별을 물어오는 밤\TestResults.xml
]]></output>
                  </test-case>
                </test-suite>
              </test-suite>
            </test-suite>
          </test-suite>
        </test-suite>
      </test-suite>
    </test-suite>
  </test-suite>
</test-run>