<?xml version="1.0" encoding="utf-8"?>
<test-run id="2" testcasecount="2" result="Passed" total="2" passed="2" failed="0" inconclusive="0" skipped="0" asserts="0" engine-version="3.5.0.0" clr-version="4.0.30319.42000" start-time="2026-09-08 12:51:27Z" end-time="2026-09-08 12:51:31Z" duration="3.5824033">
  <test-suite type="TestSuite" id="1089" name="별을 물어오는 밤" fullname="별을 물어오는 밤" runstate="Runnable" testcasecount="50" result="Passed" start-time="2026-09-08 12:51:27Z" end-time="2026-09-08 12:51:31Z" duration="3.582403" total="2" passed="2" failed="0" inconclusive="0" skipped="0" asserts="0">
    <properties>
      <property name="platform" value="PlayMode" />
    </properties>
    <test-suite type="Assembly" id="1057" name="Game.Character.Live.PlayMode.Tests.dll" fullname="C:/Users/user/Documents/GitHub/Optimal-Selection/Constant/Library/ScriptAssemblies/Game.Character.Live.PlayMode.Tests.dll" runstate="Runnable" testcasecount="44" result="Passed" start-time="2026-09-08 12:51:27Z" end-time="2026-09-08 12:51:31Z" duration="3.576413" total="2" passed="2" failed="0" inconclusive="0" skipped="0" asserts="0">
      <properties>
        <property name="_PID" value="48796" />
        <property name="_APPDOMAIN" value="Unity Child Domain" />
        <property name="platform" value="PlayMode" />
        <property name="EditorOnly" value="False" />
      </properties>
      <test-suite type="TestSuite" id="1058" name="StarNight" fullname="StarNight" runstate="Runnable" testcasecount="44" result="Passed" start-time="2026-09-08 12:51:27Z" end-time="2026-09-08 12:51:31Z" duration="3.574997" total="2" passed="2" failed="0" inconclusive="0" skipped="0" asserts="0">
        <properties />
        <test-suite type="TestSuite" id="1059" name="Character" fullname="StarNight.Character" runstate="Runnable" testcasecount="44" result="Passed" start-time="2026-09-08 12:51:27Z" end-time="2026-09-08 12:51:31Z" duration="3.573715" total="2" passed="2" failed="0" inconclusive="0" skipped="0" asserts="0">
          <properties />
          <test-suite type="TestSuite" id="1060" name="Tests" fullname="StarNight.Character.Tests" runstate="Runnable" testcasecount="44" result="Passed" start-time="2026-09-08 12:51:27Z" end-time="2026-09-08 12:51:31Z" duration="3.572401" total="2" passed="2" failed="0" inconclusive="0" skipped="0" asserts="0">
            <properties />
            <test-suite type="TestSuite" id="1061" name="PlayMode" fullname="StarNight.Character.Tests.PlayMode" runstate="Runnable" testcasecount="44" result="Passed" start-time="2026-09-08 12:51:27Z" end-time="2026-09-08 12:51:31Z" duration="3.571119" total="2" passed="2" failed="0" inconclusive="0" skipped="0" asserts="0">
              <properties />
              <test-suite type="TestSuite" id="1062" name="Rmap09" fullname="StarNight.Character.Tests.PlayMode.Rmap09" runstate="Runnable" testcasecount="2" result="Passed" start-time="2026-09-08 12:51:27Z" end-time="2026-09-08 12:51:31Z" duration="3.569634" total="2" passed="2" failed="0" inconclusive="0" skipped="0" asserts="0">
                <properties />
                <test-suite type="TestFixture" id="1014" name="RmapComposerLabPlayModeTests" fullname="StarNight.Character.Tests.PlayMode.Rmap09.RmapComposerLabPlayModeTests" classname="StarNight.Character.Tests.PlayMode.Rmap09.RmapComposerLabPlayModeTests" runstate="Runnable" testcasecount="2" result="Passed" start-time="2026-09-08 12:51:27Z" end-time="2026-09-08 12:51:31Z" duration="3.568452" total="2" passed="2" failed="0" inconclusive="0" skipped="0" asserts="0">
                  <properties>
                    <property name="Category" value="RMAP09" />
                  </properties>
                  <test-case id="1015" name="P04_A22_SavedComposerLabUsesAReal12x8TilemapColliderAndSeparateLadderOverlay" fullname="StarNight.Character.Tests.PlayMode.Rmap09.RmapComposerLabPlayModeTests.P04_A22_SavedComposerLabUsesAReal12x8TilemapColliderAndSeparateLadderOverlay" methodname="P04_A22_SavedComposerLabUsesAReal12x8TilemapColliderAndSeparateLadderOverlay" classname="StarNight.Character.Tests.PlayMode.Rmap09.RmapComposerLabPlayModeTests" runstate="Runnable" seed="343593547" result="Passed" start-time="2026-09-08 12:51:27Z" end-time="2026-09-08 12:51:28Z" duration="0.704359" asserts="0">
                    <properties>
                      <property name="_JOINTYPE" value="UnityCombinatorial" />
                      <property name="retryIteration" value="0" />
                      <property name="repeatIteration" value="0" />
                    </properties>
                  </test-case>
                  <test-case id="1016" name="P04_P19_ActualPlayerTraversesTheProtectedSpineThenClimbsThroughTheDeclaredUpPort" fullname="StarNight.Character.Tests.PlayMode.Rmap09.RmapComposerLabPlayModeTests.P04_P19_ActualPlayerTraversesTheProtectedSpineThenClimbsThroughTheDeclaredUpPort" methodname="P04_P19_ActualPlayerTraversesTheProtectedSpineThenClimbsThroughTheDeclaredUpPort" classname="StarNight.Character.Tests.PlayMode.Rmap09.RmapComposerLabPlayModeTests" runstate="Runnable" seed="241660750" result="Passed" start-time="2026-09-08 12:51:28Z" end-time="2026-09-08 12:51:31Z" duration="2.854577" asserts="0">
                    <properties>
                      <property name="_JOINTYPE" value="UnityCombinatorial" />
                      <property name="retryIteration" value="0" />
                      <property name="repeatIteration" value="0" />
                    </properties>
                    <output><![CDATA[<b><color=#2EA3FF>MCP-FOR-UNITY</color></b>: [TestRunnerNoThrottle] Restored Interaction Mode after test run.
Saving results to: C:/Users/user/AppData/LocalLow/DefaultCompany/별을 물어오는 밤\TestResults.xml
]]></output>
                  </test-case>
                </test-suite>
              </test-suite>
            </test-suite>
          </test-suite>
        </test-suite>
      </test-suite>
    </test-suite>
  </test-suite>
</test-run>