<?xml version="1.0" encoding="utf-8"?>
<test-run id="2" testcasecount="5" result="Passed" total="5" passed="5" failed="0" inconclusive="0" skipped="0" asserts="0" engine-version="3.5.0.0" clr-version="4.0.30319.42000" start-time="2026-09-08 09:19:48Z" end-time="2026-09-08 09:19:59Z" duration="10.5838108">
  <test-suite type="TestSuite" id="1070" name="별을 물어오는 밤" fullname="별을 물어오는 밤" runstate="Runnable" testcasecount="39" result="Passed" start-time="2026-09-08 09:19:48Z" end-time="2026-09-08 09:19:59Z" duration="10.583811" total="5" passed="5" failed="0" inconclusive="0" skipped="0" asserts="0">
    <properties>
      <property name="platform" value="PlayMode" />
    </properties>
    <test-suite type="Assembly" id="1042" name="Game.Character.Live.PlayMode.Tests.dll" fullname="C:/Users/user/Documents/GitHub/Optimal-Selection/Constant/Library/ScriptAssemblies/Game.Character.Live.PlayMode.Tests.dll" runstate="Runnable" testcasecount="33" result="Passed" start-time="2026-09-08 09:19:48Z" end-time="2026-09-08 09:19:59Z" duration="10.576805" total="5" passed="5" failed="0" inconclusive="0" skipped="0" asserts="0">
      <properties>
        <property name="_PID" value="41448" />
        <property name="_APPDOMAIN" value="Unity Child Domain" />
        <property name="platform" value="PlayMode" />
        <property name="EditorOnly" value="False" />
      </properties>
      <test-suite type="TestSuite" id="1043" name="StarNight" fullname="StarNight" runstate="Runnable" testcasecount="33" result="Passed" start-time="2026-09-08 09:19:48Z" end-time="2026-09-08 09:19:59Z" duration="10.575534" total="5" passed="5" failed="0" inconclusive="0" skipped="0" asserts="0">
        <properties />
        <test-suite type="TestSuite" id="1044" name="Character" fullname="StarNight.Character" runstate="Runnable" testcasecount="33" result="Passed" start-time="2026-09-08 09:19:48Z" end-time="2026-09-08 09:19:59Z" duration="10.574354" total="5" passed="5" failed="0" inconclusive="0" skipped="0" asserts="0">
          <properties />
          <test-suite type="TestSuite" id="1045" name="Tests" fullname="StarNight.Character.Tests" runstate="Runnable" testcasecount="33" result="Passed" start-time="2026-09-08 09:19:48Z" end-time="2026-09-08 09:19:59Z" duration="10.573205" total="5" passed="5" failed="0" inconclusive="0" skipped="0" asserts="0">
            <properties />
            <test-suite type="TestSuite" id="1046" name="PlayMode" fullname="StarNight.Character.Tests.PlayMode" runstate="Runnable" testcasecount="33" result="Passed" start-time="2026-09-08 09:19:48Z" end-time="2026-09-08 09:19:59Z" duration="10.572028" total="5" passed="5" failed="0" inconclusive="0" skipped="0" asserts="0">
              <properties />
              <test-suite type="TestSuite" id="1050" name="Rmap02" fullname="StarNight.Character.Tests.PlayMode.Rmap02" runstate="Runnable" testcasecount="5" result="Passed" start-time="2026-09-08 09:19:48Z" end-time="2026-09-08 09:19:59Z" duration="10.570398" total="5" passed="5" failed="0" inconclusive="0" skipped="0" asserts="0">
                <properties />
                <test-suite type="TestFixture" id="1036" name="GeneratedTilemapPlayerRunPlayModeTests" fullname="StarNight.Character.Tests.PlayMode.Rmap02.GeneratedTilemapPlayerRunPlayModeTests" classname="StarNight.Character.Tests.PlayMode.Rmap02.GeneratedTilemapPlayerRunPlayModeTests" runstate="Runnable" testcasecount="5" result="Passed" start-time="2026-09-08 09:19:48Z" end-time="2026-09-08 09:19:59Z" duration="10.568891" total="5" passed="5" failed="0" inconclusive="0" skipped="0" asserts="0">
                  <properties>
                    <property name="Category" value="RMAP02" />
                  </properties>
                  <test-case id="1040" name="RMAP02_ActualCamera_PreservesTwelveByEightAtRequiredAspects" fullname="StarNight.Character.Tests.PlayMode.Rmap02.GeneratedTilemapPlayerRunPlayModeTests.RMAP02_ActualCamera_PreservesTwelveByEightAtRequiredAspects" methodname="RMAP02_ActualCamera_PreservesTwelveByEightAtRequiredAspects" classname="StarNight.Character.Tests.PlayMode.Rmap02.GeneratedTilemapPlayerRunPlayModeTests" runstate="Runnable" seed="810516320" result="Passed" start-time="2026-09-08 09:19:48Z" end-time="2026-09-08 09:19:48Z" duration="0.057112" asserts="0">
                    <properties>
                      <property name="_JOINTYPE" value="UnityCombinatorial" />
                      <property name="retryIteration" value="0" />
                      <property name="repeatIteration" value="0" />
                    </properties>
                  </test-case>
                  <test-case id="1037" name="RMAP02_ActualPlayer_CollidesAndReachesExit" fullname="StarNight.Character.Tests.PlayMode.Rmap02.GeneratedTilemapPlayerRunPlayModeTests.RMAP02_ActualPlayer_CollidesAndReachesExit" methodname="RMAP02_ActualPlayer_CollidesAndReachesExit" classname="StarNight.Character.Tests.PlayMode.Rmap02.GeneratedTilemapPlayerRunPlayModeTests" runstate="Runnable" seed="916879876" result="Passed" start-time="2026-09-08 09:19:48Z" end-time="2026-09-08 09:19:56Z" duration="7.357794" asserts="0">
                    <properties>
                      <property name="_JOINTYPE" value="UnityCombinatorial" />
                      <property name="retryIteration" value="0" />
                      <property name="repeatIteration" value="0" />
                    </properties>
                  </test-case>
                  <test-case id="1038" name="RMAP02_ActualPlayer_UsesCoyoteAndJumpBufferOnPhysicalGap" fullname="StarNight.Character.Tests.PlayMode.Rmap02.GeneratedTilemapPlayerRunPlayModeTests.RMAP02_ActualPlayer_UsesCoyoteAndJumpBufferOnPhysicalGap" methodname="RMAP02_ActualPlayer_UsesCoyoteAndJumpBufferOnPhysicalGap" classname="StarNight.Character.Tests.PlayMode.Rmap02.GeneratedTilemapPlayerRunPlayModeTests" runstate="Runnable" seed="28396897" result="Passed" start-time="2026-09-08 09:19:56Z" end-time="2026-09-08 09:19:57Z" duration="0.848821" asserts="0">
                    <properties>
                      <property name="_JOINTYPE" value="UnityCombinatorial" />
                      <property name="retryIteration" value="0" />
                      <property name="repeatIteration" value="0" />
                    </properties>
                  </test-case>
                  <test-case id="1041" name="RMAP02_PhysicalJump_MeasuresHeightRunAndReleaseCut" fullname="StarNight.Character.Tests.PlayMode.Rmap02.GeneratedTilemapPlayerRunPlayModeTests.RMAP02_PhysicalJump_MeasuresHeightRunAndReleaseCut" methodname="RMAP02_PhysicalJump_MeasuresHeightRunAndReleaseCut" classname="StarNight.Character.Tests.PlayMode.Rmap02.GeneratedTilemapPlayerRunPlayModeTests" runstate="Runnable" seed="835765820" result="Passed" start-time="2026-09-08 09:19:57Z" end-time="2026-09-08 09:19:58Z" duration="1.734387" asserts="0">
                    <properties>
                      <property name="_JOINTYPE" value="UnityCombinatorial" />
                      <property name="retryIteration" value="0" />
                      <property name="repeatIteration" value="0" />
                    </properties>
                    <output><![CDATA[RMAP02 P02/P03 physical measure: fullHeight=1.237, runDistance=3.425, releaseCutHeight=0.204
]]></output>
                  </test-case>
                  <test-case id="1039" name="RMAP02_SavedScene_UsesPlayerTilemapAndCameraComponents" fullname="StarNight.Character.Tests.PlayMode.Rmap02.GeneratedTilemapPlayerRunPlayModeTests.RMAP02_SavedScene_UsesPlayerTilemapAndCameraComponents" methodname="RMAP02_SavedScene_UsesPlayerTilemapAndCameraComponents" classname="StarNight.Character.Tests.PlayMode.Rmap02.GeneratedTilemapPlayerRunPlayModeTests" runstate="Runnable" seed="1354954495" result="Passed" start-time="2026-09-08 09:19:58Z" end-time="2026-09-08 09:19:59Z" duration="0.558085" asserts="0">
                    <properties>
                      <property name="_JOINTYPE" value="UnityCombinatorial" />
                      <property name="retryIteration" value="0" />
                      <property name="repeatIteration" value="0" />
                    </properties>
                    <output><![CDATA[<b><color=#2EA3FF>MCP-FOR-UNITY</color></b>: [TestRunnerNoThrottle] Restored Interaction Mode after test run.
Saving results to: C:/Users/user/AppData/LocalLow/DefaultCompany/별을 물어오는 밤\TestResults.xml
]]></output>
                  </test-case>
                </test-suite>
              </test-suite>
            </test-suite>
          </test-suite>
        </test-suite>
      </test-suite>
    </test-suite>
  </test-suite>
</test-run>