<?xml version="1.0" encoding="utf-8"?>
<test-run id="2" testcasecount="95" result="Passed" total="95" passed="95" failed="0" inconclusive="0" skipped="0" asserts="0" engine-version="3.5.0.0" clr-version="4.0.30319.42000" start-time="2026-09-11 16:32:44Z" end-time="2026-09-11 16:47:07Z" duration="863.0671594">
  <test-suite type="TestSuite" id="1000" name="별을 물어오는 밤" fullname="별을 물어오는 밤" runstate="Runnable" testcasecount="26784" result="Passed" start-time="2026-09-11 16:32:44Z" end-time="2026-09-11 16:47:07Z" duration="863.067159" total="95" passed="95" failed="0" inconclusive="0" skipped="0" asserts="0">
    <properties>
      <property name="platform" value="EditMode" />
    </properties>
    <test-suite type="Assembly" id="24840" name="Game.Map.Tests.EditMode.dll" fullname="C:/Users/user/Documents/GitHub/Optimal-Selection/Constant/Library/ScriptAssemblies/Game.Map.Tests.EditMode.dll" runstate="Runnable" testcasecount="22764" result="Passed" start-time="2026-09-11 16:32:44Z" end-time="2026-09-11 16:47:07Z" duration="862.900063" total="95" passed="95" failed="0" inconclusive="0" skipped="0" asserts="0">
      <properties>
        <property name="_PID" value="44724" />
        <property name="_APPDOMAIN" value="Unity Child Domain" />
        <property name="platform" value="EditMode" />
        <property name="EditorOnly" value="True" />
      </properties>
      <test-suite type="TestSuite" id="24841" name="StarNight" fullname="StarNight" runstate="Runnable" testcasecount="22764" result="Passed" start-time="2026-09-11 16:32:44Z" end-time="2026-09-11 16:47:07Z" duration="862.771604" total="95" passed="95" failed="0" inconclusive="0" skipped="0" asserts="0">
        <properties />
        <test-suite type="TestSuite" id="24849" name="Map" fullname="StarNight.Map" runstate="Runnable" testcasecount="22548" result="Passed" start-time="2026-09-11 16:32:44Z" end-time="2026-09-11 16:47:07Z" duration="862.645027" total="95" passed="95" failed="0" inconclusive="0" skipped="0" asserts="0">
          <properties />
          <test-suite type="TestSuite" id="24853" name="Tests" fullname="StarNight.Map.Tests" runstate="Runnable" testcasecount="22489" result="Passed" start-time="2026-09-11 16:32:44Z" end-time="2026-09-11 16:47:07Z" duration="862.451054" total="95" passed="95" failed="0" inconclusive="0" skipped="0" asserts="0">
            <properties />
            <test-suite type="TestSuite" id="24862" name="EditMode" fullname="StarNight.Map.Tests.EditMode" runstate="Runnable" testcasecount="7807" result="Passed" start-time="2026-09-11 16:32:45Z" end-time="2026-09-11 16:47:07Z" duration="862.296078" total="95" passed="95" failed="0" inconclusive="0" skipped="0" asserts="0">
              <properties />
              <test-suite type="TestSuite" id="24878" name="Sv5" fullname="StarNight.Map.Tests.EditMode.Sv5" runstate="Runnable" testcasecount="95" result="Passed" start-time="2026-09-11 16:32:45Z" end-time="2026-09-11 16:47:07Z" duration="862.234964" total="95" passed="95" failed="0" inconclusive="0" skipped="0" asserts="0">
                <properties />
                <test-suite type="TestFixture" id="24622" name="Sv5CoreReservationPlanTests" fullname="StarNight.Map.Tests.EditMode.Sv5.Sv5CoreReservationPlanTests" classname="StarNight.Map.Tests.EditMode.Sv5.Sv5CoreReservationPlanTests" runstate="Runnable" testcasecount="8" result="Passed" start-time="2026-09-11 16:32:45Z" end-time="2026-09-11 16:32:52Z" duration="7.793187" total="8" passed="8" failed="0" inconclusive="0" skipped="0" asserts="0">
                  <properties>
                    <property name="Category" value="SV5_04" />
                  </properties>
                  <test-case id="24623" name="T01_RepresentativePlanRetainsEightSitesAnd2432CoreCells" fullname="StarNight.Map.Tests.EditMode.Sv5.Sv5CoreReservationPlanTests.T01_RepresentativePlanRetainsEightSitesAnd2432CoreCells" methodname="T01_RepresentativePlanRetainsEightSitesAnd2432CoreCells" classname="StarNight.Map.Tests.EditMode.Sv5.Sv5CoreReservationPlanTests" runstate="Runnable" seed="38944456" result="Passed" start-time="2026-09-11 16:32:45Z" end-time="2026-09-11 16:32:47Z" duration="2.328007" asserts="0">
                    <properties>
                      <property name="retryIteration" value="0" />
                      <property name="repeatIteration" value="0" />
                    </properties>
                  </test-case>
                  <test-case id="24624" name="T02_ConsumerRejectsProtectedCoreAirAndSlotSupportOrHeadroom" fullname="StarNight.Map.Tests.EditMode.Sv5.Sv5CoreReservationPlanTests.T02_ConsumerRejectsProtectedCoreAirAndSlotSupportOrHeadroom" methodname="T02_ConsumerRejectsProtectedCoreAirAndSlotSupportOrHeadroom" classname="StarNight.Map.Tests.EditMode.Sv5.Sv5CoreReservationPlanTests" runstate="Runnable" seed="2010505310" result="Passed" start-time="2026-09-11 16:32:47Z" end-time="2026-09-11 16:32:47Z" duration="0.007532" asserts="0">
                    <properties>
                      <property name="retryIteration" value="0" />
                      <property name="repeatIteration" value="0" />
                    </properties>
                  </test-case>
                  <test-case id="24625" name="T03_NormalCandidatesAndCompatibleDuplicatesAreAllowedButConflictsFail" fullname="StarNight.Map.Tests.EditMode.Sv5.Sv5CoreReservationPlanTests.T03_NormalCandidatesAndCompatibleDuplicatesAreAllowedButConflictsFail" methodname="T03_NormalCandidatesAndCompatibleDuplicatesAreAllowedButConflictsFail" classname="StarNight.Map.Tests.EditMode.Sv5.Sv5CoreReservationPlanTests" runstate="Runnable" seed="1955178183" result="Passed" start-time="2026-09-11 16:32:47Z" end-time="2026-09-11 16:32:47Z" duration="0.000608" asserts="0">
                    <properties>
                      <property name="retryIteration" value="0" />
                      <property name="repeatIteration" value="0" />
                    </properties>
                  </test-case>
                  <test-case id="24626" name="T04_EveryCurrentGraphRouteUsesContinuousPortsAndStaticEvidence" fullname="StarNight.Map.Tests.EditMode.Sv5.Sv5CoreReservationPlanTests.T04_EveryCurrentGraphRouteUsesContinuousPortsAndStaticEvidence" methodname="T04_EveryCurrentGraphRouteUsesContinuousPortsAndStaticEvidence" classname="StarNight.Map.Tests.EditMode.Sv5.Sv5CoreReservationPlanTests" runstate="Runnable" seed="185951711" result="Passed" start-time="2026-09-11 16:32:47Z" end-time="2026-09-11 16:32:47Z" duration="0.003569" asserts="0">
                    <properties>
                      <property name="retryIteration" value="0" />
                      <property name="repeatIteration" value="0" />
                    </properties>
                  </test-case>
                  <test-case id="24627" name="T05_ConsumerRejectsRouteAndStateGeometryIntrusions" fullname="StarNight.Map.Tests.EditMode.Sv5.Sv5CoreReservationPlanTests.T05_ConsumerRejectsRouteAndStateGeometryIntrusions" methodname="T05_ConsumerRejectsRouteAndStateGeometryIntrusions" classname="StarNight.Map.Tests.EditMode.Sv5.Sv5CoreReservationPlanTests" runstate="Runnable" seed="984376375" result="Passed" start-time="2026-09-11 16:32:47Z" end-time="2026-09-11 16:32:47Z" duration="0.000587" asserts="0">
                    <properties>
                      <property name="retryIteration" value="0" />
                      <property name="repeatIteration" value="0" />
                    </properties>
                  </test-case>
                  <test-case id="24628" name="T06_OutOfRangeAndMixedSourcePlansFailWithoutRelocation" fullname="StarNight.Map.Tests.EditMode.Sv5.Sv5CoreReservationPlanTests.T06_OutOfRangeAndMixedSourcePlansFailWithoutRelocation" methodname="T06_OutOfRangeAndMixedSourcePlansFailWithoutRelocation" classname="StarNight.Map.Tests.EditMode.Sv5.Sv5CoreReservationPlanTests" runstate="Runnable" seed="1510374354" result="Passed" start-time="2026-09-11 16:32:47Z" end-time="2026-09-11 16:32:49Z" duration="2.112747" asserts="0">
                    <properties>
                      <property name="retryIteration" value="0" />
                      <property name="repeatIteration" value="0" />
                    </properties>
                  </test-case>
                  <test-case id="24629" name="T07_RebuildAndCandidateOrderAreDeterministicWithoutNewRng" fullname="StarNight.Map.Tests.EditMode.Sv5.Sv5CoreReservationPlanTests.T07_RebuildAndCandidateOrderAreDeterministicWithoutNewRng" methodname="T07_RebuildAndCandidateOrderAreDeterministicWithoutNewRng" classname="StarNight.Map.Tests.EditMode.Sv5.Sv5CoreReservationPlanTests" runstate="Runnable" seed="148847317" result="Passed" start-time="2026-09-11 16:32:49Z" end-time="2026-09-11 16:32:52Z" duration="3.254665" asserts="0">
                    <properties>
                      <property name="retryIteration" value="0" />
                      <property name="repeatIteration" value="0" />
                    </properties>
                  </test-case>
                  <test-case id="24630" name="T08_ExportsComeFromTheSameValidatedPlan" fullname="StarNight.Map.Tests.EditMode.Sv5.Sv5CoreReservationPlanTests.T08_ExportsComeFromTheSameValidatedPlan" methodname="T08_ExportsComeFromTheSameValidatedPlan" classname="StarNight.Map.Tests.EditMode.Sv5.Sv5CoreReservationPlanTests" runstate="Runnable" seed="1613175687" result="Passed" start-time="2026-09-11 16:32:52Z" end-time="2026-09-11 16:32:52Z" duration="0.073011" asserts="0">
                    <properties>
                      <property name="retryIteration" value="0" />
                      <property name="repeatIteration" value="0" />
                    </properties>
                    <output><![CDATA[SV5_04_EXPORT_BEGIN
PLAN_DIGEST=2c0ebd820fb101ef307fa0d0dcf57371ad6b3796dd1c762020de78faf7efe569
OUTPUT_DIRECTORY=C:\Users\user\Documents\GitHub\Optimal-Selection\Constant\MapDesign\MCP\GENERATED\SV5_08\_work\legacy_exports\sv5_04_core_t08
SV5_04_EXPORT_END
]]></output>
                  </test-case>
                </test-suite>
                <test-suite type="TestFixture" id="24631" name="Sv5InfillPatternTests" fullname="StarNight.Map.Tests.EditMode.Sv5.Sv5InfillPatternTests" classname="StarNight.Map.Tests.EditMode.Sv5.Sv5InfillPatternTests" runstate="Runnable" testcasecount="4" result="Passed" start-time="2026-09-11 16:32:52Z" end-time="2026-09-11 16:32:53Z" duration="0.025624" total="4" passed="4" failed="0" inconclusive="0" skipped="0" asserts="0">
                  <properties />
                  <test-case id="24632" name="T01_FourExactRecipesMirrorsDoorsSupportedStepsAndSolidWindows" fullname="StarNight.Map.Tests.EditMode.Sv5.Sv5InfillPatternTests.T01_FourExactRecipesMirrorsDoorsSupportedStepsAndSolidWindows" methodname="T01_FourExactRecipesMirrorsDoorsSupportedStepsAndSolidWindows" classname="StarNight.Map.Tests.EditMode.Sv5.Sv5InfillPatternTests" runstate="Runnable" seed="129074211" result="Passed" start-time="2026-09-11 16:32:52Z" end-time="2026-09-11 16:32:53Z" duration="0.012693" asserts="0">
                    <properties>
                      <property name="retryIteration" value="0" />
                      <property name="repeatIteration" value="0" />
                    </properties>
                  </test-case>
                  <test-case id="24635" name="T02_CardinalAirLengthCountsBothAxesOfEveryPlusOneStep" fullname="StarNight.Map.Tests.EditMode.Sv5.Sv5InfillPatternTests.T02_CardinalAirLengthCountsBothAxesOfEveryPlusOneStep" methodname="T02_CardinalAirLengthCountsBothAxesOfEveryPlusOneStep" classname="StarNight.Map.Tests.EditMode.Sv5.Sv5InfillPatternTests" runstate="Runnable" seed="603387401" result="Passed" start-time="2026-09-11 16:32:53Z" end-time="2026-09-11 16:32:53Z" duration="0.001388" asserts="0">
                    <properties>
                      <property name="retryIteration" value="0" />
                      <property name="repeatIteration" value="0" />
                    </properties>
                  </test-case>
                  <test-case id="24633" name="T02_PatternPayloadReconstructsAcrossFourTwelveAndFortyEightBoundariesWithoutOwningUnknown" fullname="StarNight.Map.Tests.EditMode.Sv5.Sv5InfillPatternTests.T02_PatternPayloadReconstructsAcrossFourTwelveAndFortyEightBoundariesWithoutOwningUnknown" methodname="T02_PatternPayloadReconstructsAcrossFourTwelveAndFortyEightBoundariesWithoutOwningUnknown" classname="StarNight.Map.Tests.EditMode.Sv5.Sv5InfillPatternTests" runstate="Runnable" seed="1120466123" result="Passed" start-time="2026-09-11 16:32:53Z" end-time="2026-09-11 16:32:53Z" duration="0.008583" asserts="0">
                    <properties>
                      <property name="retryIteration" value="0" />
                      <property name="repeatIteration" value="0" />
                    </properties>
                  </test-case>
                  <test-case id="24634" name="T04_AirFloodCannotCertifyPlusThreeMissingFloorHeadroomClosedDoorOrReturn" fullname="StarNight.Map.Tests.EditMode.Sv5.Sv5InfillPatternTests.T04_AirFloodCannotCertifyPlusThreeMissingFloorHeadroomClosedDoorOrReturn" methodname="T04_AirFloodCannotCertifyPlusThreeMissingFloorHeadroomClosedDoorOrReturn" classname="StarNight.Map.Tests.EditMode.Sv5.Sv5InfillPatternTests" runstate="Runnable" seed="1854123906" result="Passed" start-time="2026-09-11 16:32:53Z" end-time="2026-09-11 16:32:53Z" duration="0.001299" asserts="0">
                    <properties>
                      <property name="retryIteration" value="0" />
                      <property name="repeatIteration" value="0" />
                    </properties>
                  </test-case>
                </test-suite>
                <test-suite type="TestFixture" id="24636" name="Sv5RouteStateFix01Tests" fullname="StarNight.Map.Tests.EditMode.Sv5.Sv5RouteStateFix01Tests" classname="StarNight.Map.Tests.EditMode.Sv5.Sv5RouteStateFix01Tests" runstate="Runnable" testcasecount="7" result="Passed" start-time="2026-09-11 16:32:53Z" end-time="2026-09-11 16:32:57Z" duration="4.406904" total="7" passed="7" failed="0" inconclusive="0" skipped="0" asserts="0">
                  <properties>
                    <property name="Category" value="SV5_05_FIX01" />
                  </properties>
                  <test-case id="24637" name="T01_ForgeToBossWithoutSealIsRejectedWithTheReachableMissingGuard" fullname="StarNight.Map.Tests.EditMode.Sv5.Sv5RouteStateFix01Tests.T01_ForgeToBossWithoutSealIsRejectedWithTheReachableMissingGuard" methodname="T01_ForgeToBossWithoutSealIsRejectedWithTheReachableMissingGuard" classname="StarNight.Map.Tests.EditMode.Sv5.Sv5RouteStateFix01Tests" runstate="Runnable" seed="2039380779" result="Passed" start-time="2026-09-11 16:32:53Z" end-time="2026-09-11 16:32:55Z" duration="2.189654" asserts="0">
                    <properties>
                      <property name="retryIteration" value="0" />
                      <property name="repeatIteration" value="0" />
                    </properties>
                  </test-case>
                  <test-case id="24638" name="T02_SealedEntryAndSameStageCandidatesPreserveSixOrdersAndNormalReturns" fullname="StarNight.Map.Tests.EditMode.Sv5.Sv5RouteStateFix01Tests.T02_SealedEntryAndSameStageCandidatesPreserveSixOrdersAndNormalReturns" methodname="T02_SealedEntryAndSameStageCandidatesPreserveSixOrdersAndNormalReturns" classname="StarNight.Map.Tests.EditMode.Sv5.Sv5RouteStateFix01Tests" runstate="Runnable" seed="319814887" result="Passed" start-time="2026-09-11 16:32:55Z" end-time="2026-09-11 16:32:55Z" duration="0.154140" asserts="0">
                    <properties>
                      <property name="retryIteration" value="0" />
                      <property name="repeatIteration" value="0" />
                    </properties>
                  </test-case>
                  <test-case id="24639" name="T03_GeneralBossEntryAndReachableDeadEndAreRejectedAsCandidateSetFailures" fullname="StarNight.Map.Tests.EditMode.Sv5.Sv5RouteStateFix01Tests.T03_GeneralBossEntryAndReachableDeadEndAreRejectedAsCandidateSetFailures" methodname="T03_GeneralBossEntryAndReachableDeadEndAreRejectedAsCandidateSetFailures" classname="StarNight.Map.Tests.EditMode.Sv5.Sv5RouteStateFix01Tests" runstate="Runnable" seed="856105362" result="Passed" start-time="2026-09-11 16:32:55Z" end-time="2026-09-11 16:32:55Z" duration="0.198824" asserts="0">
                    <properties>
                      <property name="retryIteration" value="0" />
                      <property name="repeatIteration" value="0" />
                    </properties>
                  </test-case>
                  <test-case id="24640" name="T04_CanonicalDigestBindsEveryCandidateSemanticAndIgnoresSetEnumerationOrder" fullname="StarNight.Map.Tests.EditMode.Sv5.Sv5RouteStateFix01Tests.T04_CanonicalDigestBindsEveryCandidateSemanticAndIgnoresSetEnumerationOrder" methodname="T04_CanonicalDigestBindsEveryCandidateSemanticAndIgnoresSetEnumerationOrder" classname="StarNight.Map.Tests.EditMode.Sv5.Sv5RouteStateFix01Tests" runstate="Runnable" seed="302697354" result="Passed" start-time="2026-09-11 16:32:55Z" end-time="2026-09-11 16:32:56Z" duration="1.054649" asserts="0">
                    <properties>
                      <property name="retryIteration" value="0" />
                      <property name="repeatIteration" value="0" />
                    </properties>
                  </test-case>
                  <test-case id="24641" name="T05_AugmentedProofsAndExportsComeFromTheSameTestedAnalysis" fullname="StarNight.Map.Tests.EditMode.Sv5.Sv5RouteStateFix01Tests.T05_AugmentedProofsAndExportsComeFromTheSameTestedAnalysis" methodname="T05_AugmentedProofsAndExportsComeFromTheSameTestedAnalysis" classname="StarNight.Map.Tests.EditMode.Sv5.Sv5RouteStateFix01Tests" runstate="Runnable" seed="754247725" result="Passed" start-time="2026-09-11 16:32:56Z" end-time="2026-09-11 16:32:56Z" duration="0.206107" asserts="0">
                    <properties>
                      <property name="retryIteration" value="0" />
                      <property name="repeatIteration" value="0" />
                    </properties>
                  </test-case>
                  <test-case id="24642" name="T06_InvalidReviewInputsRemainUnverifiedWhileOriginalContactsAndOwnersRemainPending" fullname="StarNight.Map.Tests.EditMode.Sv5.Sv5RouteStateFix01Tests.T06_InvalidReviewInputsRemainUnverifiedWhileOriginalContactsAndOwnersRemainPending" methodname="T06_InvalidReviewInputsRemainUnverifiedWhileOriginalContactsAndOwnersRemainPending" classname="StarNight.Map.Tests.EditMode.Sv5.Sv5RouteStateFix01Tests" runstate="Runnable" seed="323050618" result="Passed" start-time="2026-09-11 16:32:56Z" end-time="2026-09-11 16:32:57Z" duration="0.262253" asserts="0">
                    <properties>
                      <property name="retryIteration" value="0" />
                      <property name="repeatIteration" value="0" />
                    </properties>
                  </test-case>
                  <test-case id="24643" name="T07_AnalysisIsPureDeterministicAndDoesNotWriteHistoricalSv505Evidence" fullname="StarNight.Map.Tests.EditMode.Sv5.Sv5RouteStateFix01Tests.T07_AnalysisIsPureDeterministicAndDoesNotWriteHistoricalSv505Evidence" methodname="T07_AnalysisIsPureDeterministicAndDoesNotWriteHistoricalSv505Evidence" classname="StarNight.Map.Tests.EditMode.Sv5.Sv5RouteStateFix01Tests" runstate="Runnable" seed="78075854" result="Passed" start-time="2026-09-11 16:32:57Z" end-time="2026-09-11 16:32:57Z" duration="0.339420" asserts="0">
                    <properties>
                      <property name="retryIteration" value="0" />
                      <property name="repeatIteration" value="0" />
                    </properties>
                  </test-case>
                </test-suite>
                <test-suite type="TestFixture" id="24644" name="Sv5RouteStatePolicyTests" fullname="StarNight.Map.Tests.EditMode.Sv5.Sv5RouteStatePolicyTests" classname="StarNight.Map.Tests.EditMode.Sv5.Sv5RouteStatePolicyTests" runstate="Runnable" testcasecount="10" result="Passed" start-time="2026-09-11 16:32:57Z" end-time="2026-09-11 16:32:58Z" duration="1.443072" total="10" passed="10" failed="0" inconclusive="0" skipped="0" asserts="0">
                  <properties>
                    <property name="Category" value="SV5_05" />
                  </properties>
                  <test-case id="24645" name="T01_BindsElevenActualRoutesToGraphNodesPortsAndPredicates" fullname="StarNight.Map.Tests.EditMode.Sv5.Sv5RouteStatePolicyTests.T01_BindsElevenActualRoutesToGraphNodesPortsAndPredicates" methodname="T01_BindsElevenActualRoutesToGraphNodesPortsAndPredicates" classname="StarNight.Map.Tests.EditMode.Sv5.Sv5RouteStatePolicyTests" runstate="Runnable" seed="1213213939" result="Passed" start-time="2026-09-11 16:32:57Z" end-time="2026-09-11 16:32:57Z" duration="0.171616" asserts="0">
                    <properties>
                      <property name="retryIteration" value="0" />
                      <property name="repeatIteration" value="0" />
                    </properties>
                  </test-case>
                  <test-case id="24646" name="T02_AllSixOrdersUseActualActionsReturnsAndForgeSealBossExit" fullname="StarNight.Map.Tests.EditMode.Sv5.Sv5RouteStatePolicyTests.T02_AllSixOrdersUseActualActionsReturnsAndForgeSealBossExit" methodname="T02_AllSixOrdersUseActualActionsReturnsAndForgeSealBossExit" classname="StarNight.Map.Tests.EditMode.Sv5.Sv5RouteStatePolicyTests" runstate="Runnable" seed="1611399767" result="Passed" start-time="2026-09-11 16:32:57Z" end-time="2026-09-11 16:32:57Z" duration="0.116582" asserts="0">
                    <properties>
                      <property name="retryIteration" value="0" />
                      <property name="repeatIteration" value="0" />
                    </properties>
                  </test-case>
                  <test-case id="24647" name="T03_WeakForgeSealBossAndExitCandidatesAreRejectedWithoutStateMutation" fullname="StarNight.Map.Tests.EditMode.Sv5.Sv5RouteStatePolicyTests.T03_WeakForgeSealBossAndExitCandidatesAreRejectedWithoutStateMutation" methodname="T03_WeakForgeSealBossAndExitCandidatesAreRejectedWithoutStateMutation" classname="StarNight.Map.Tests.EditMode.Sv5.Sv5RouteStatePolicyTests" runstate="Runnable" seed="10684411" result="Passed" start-time="2026-09-11 16:32:57Z" end-time="2026-09-11 16:32:57Z" duration="0.114477" asserts="0">
                    <properties>
                      <property name="retryIteration" value="0" />
                      <property name="repeatIteration" value="0" />
                    </properties>
                  </test-case>
                  <test-case id="24648" name="T04_MissingReturnAndReverseOneWayRemainExplicitFailures" fullname="StarNight.Map.Tests.EditMode.Sv5.Sv5RouteStatePolicyTests.T04_MissingReturnAndReverseOneWayRemainExplicitFailures" methodname="T04_MissingReturnAndReverseOneWayRemainExplicitFailures" classname="StarNight.Map.Tests.EditMode.Sv5.Sv5RouteStatePolicyTests" runstate="Runnable" seed="784821888" result="Passed" start-time="2026-09-11 16:32:57Z" end-time="2026-09-11 16:32:57Z" duration="0.110893" asserts="0">
                    <properties>
                      <property name="retryIteration" value="0" />
                      <property name="repeatIteration" value="0" />
                    </properties>
                  </test-case>
                  <test-case id="24649" name="T05_IndividualShortcutsRemainPureAndSensitiveBypassIsDenied" fullname="StarNight.Map.Tests.EditMode.Sv5.Sv5RouteStatePolicyTests.T05_IndividualShortcutsRemainPureAndSensitiveBypassIsDenied" methodname="T05_IndividualShortcutsRemainPureAndSensitiveBypassIsDenied" classname="StarNight.Map.Tests.EditMode.Sv5.Sv5RouteStatePolicyTests" runstate="Runnable" seed="930583237" result="Passed" start-time="2026-09-11 16:32:57Z" end-time="2026-09-11 16:32:58Z" duration="0.273749" asserts="0">
                    <properties>
                      <property name="retryIteration" value="0" />
                      <property name="repeatIteration" value="0" />
                    </properties>
                  </test-case>
                  <test-case id="24650" name="T06_CandidateSetsUseAnalysisNodesAndAreNotAcceptedByIndividualChecksAlone" fullname="StarNight.Map.Tests.EditMode.Sv5.Sv5RouteStatePolicyTests.T06_CandidateSetsUseAnalysisNodesAndAreNotAcceptedByIndividualChecksAlone" methodname="T06_CandidateSetsUseAnalysisNodesAndAreNotAcceptedByIndividualChecksAlone" classname="StarNight.Map.Tests.EditMode.Sv5.Sv5RouteStatePolicyTests" runstate="Runnable" seed="207549550" result="Passed" start-time="2026-09-11 16:32:58Z" end-time="2026-09-11 16:32:58Z" duration="0.109337" asserts="0">
                    <properties>
                      <property name="retryIteration" value="0" />
                      <property name="repeatIteration" value="0" />
                    </properties>
                  </test-case>
                  <test-case id="24651" name="T07_OptionalAndRequiredPoliciesPreserveNormalReturnsAndOnlyPlanShortcuts" fullname="StarNight.Map.Tests.EditMode.Sv5.Sv5RouteStatePolicyTests.T07_OptionalAndRequiredPoliciesPreserveNormalReturnsAndOnlyPlanShortcuts" methodname="T07_OptionalAndRequiredPoliciesPreserveNormalReturnsAndOnlyPlanShortcuts" classname="StarNight.Map.Tests.EditMode.Sv5.Sv5RouteStatePolicyTests" runstate="Runnable" seed="674566676" result="Passed" start-time="2026-09-11 16:32:58Z" end-time="2026-09-11 16:32:58Z" duration="0.003046" asserts="0">
                    <properties>
                      <property name="retryIteration" value="0" />
                      <property name="repeatIteration" value="0" />
                    </properties>
                  </test-case>
                  <test-case id="24652" name="T08_ActualReviewContactsAreClassifiedFromPredicatesNotLabels" fullname="StarNight.Map.Tests.EditMode.Sv5.Sv5RouteStatePolicyTests.T08_ActualReviewContactsAreClassifiedFromPredicatesNotLabels" methodname="T08_ActualReviewContactsAreClassifiedFromPredicatesNotLabels" classname="StarNight.Map.Tests.EditMode.Sv5.Sv5RouteStatePolicyTests" runstate="Runnable" seed="1996828797" result="Passed" start-time="2026-09-11 16:32:58Z" end-time="2026-09-11 16:32:58Z" duration="0.107329" asserts="0">
                    <properties>
                      <property name="retryIteration" value="0" />
                      <property name="repeatIteration" value="0" />
                    </properties>
                  </test-case>
                  <test-case id="24653" name="T09_AirWitnessRemainsDiagnosticAndPhysicalObligationsStayPending" fullname="StarNight.Map.Tests.EditMode.Sv5.Sv5RouteStatePolicyTests.T09_AirWitnessRemainsDiagnosticAndPhysicalObligationsStayPending" methodname="T09_AirWitnessRemainsDiagnosticAndPhysicalObligationsStayPending" classname="StarNight.Map.Tests.EditMode.Sv5.Sv5RouteStatePolicyTests" runstate="Runnable" seed="956985000" result="Passed" start-time="2026-09-11 16:32:58Z" end-time="2026-09-11 16:32:58Z" duration="0.167708" asserts="0">
                    <properties>
                      <property name="retryIteration" value="0" />
                      <property name="repeatIteration" value="0" />
                    </properties>
                  </test-case>
                  <test-case id="24654" name="T10_OutputIsDeterministicAcrossCandidateOrderAndUsesTheTestedAnalysis" fullname="StarNight.Map.Tests.EditMode.Sv5.Sv5RouteStatePolicyTests.T10_OutputIsDeterministicAcrossCandidateOrderAndUsesTheTestedAnalysis" methodname="T10_OutputIsDeterministicAcrossCandidateOrderAndUsesTheTestedAnalysis" classname="StarNight.Map.Tests.EditMode.Sv5.Sv5RouteStatePolicyTests" runstate="Runnable" seed="821098556" result="Passed" start-time="2026-09-11 16:32:58Z" end-time="2026-09-11 16:32:58Z" duration="0.265645" asserts="0">
                    <properties>
                      <property name="retryIteration" value="0" />
                      <property name="repeatIteration" value="0" />
                    </properties>
                    <output><![CDATA[SV5_05_EXPORT_BEGIN
ANALYSIS_DIGEST=ca9c817ffa809e34979ae154d27cb3c530c0f96ae5591486e2f3612288b724d7
OUTPUT_DIRECTORY=C:\Users\user\Documents\GitHub\Optimal-Selection\Constant\MapDesign\MCP\GENERATED\SV5_08\_work\legacy_exports\sv5_05_policy_t10
SV5_05_EXPORT_END
]]></output>
                  </test-case>
                </test-suite>
                <test-suite type="TestFixture" id="24655" name="Sv5SpaceDiversityTests" fullname="StarNight.Map.Tests.EditMode.Sv5.Sv5SpaceDiversityTests" classname="StarNight.Map.Tests.EditMode.Sv5.Sv5SpaceDiversityTests" runstate="Runnable" testcasecount="12" result="Passed" start-time="2026-09-11 16:32:58Z" end-time="2026-09-11 16:35:28Z" duration="149.287678" total="12" passed="12" failed="0" inconclusive="0" skipped="0" asserts="0">
                  <properties>
                    <property name="Category" value="SV5_07" />
                  </properties>
                  <test-case id="24656" name="V01_EmptyBoundsGapUsesInclusiveRadiusAndExactTileSpacing" fullname="StarNight.Map.Tests.EditMode.Sv5.Sv5SpaceDiversityTests.V01_EmptyBoundsGapUsesInclusiveRadiusAndExactTileSpacing" methodname="V01_EmptyBoundsGapUsesInclusiveRadiusAndExactTileSpacing" classname="StarNight.Map.Tests.EditMode.Sv5.Sv5SpaceDiversityTests" runstate="Runnable" seed="1096650100" result="Passed" start-time="2026-09-11 16:32:58Z" end-time="2026-09-11 16:32:58Z" duration="0.008780" asserts="0">
                    <properties>
                      <property name="retryIteration" value="0" />
                      <property name="repeatIteration" value="0" />
                    </properties>
                  </test-case>
                  <test-case id="24657" name="V02_FormationSubdivisionsCountOnceAndConflictingOwnershipIsRejected" fullname="StarNight.Map.Tests.EditMode.Sv5.Sv5SpaceDiversityTests.V02_FormationSubdivisionsCountOnceAndConflictingOwnershipIsRejected" methodname="V02_FormationSubdivisionsCountOnceAndConflictingOwnershipIsRejected" classname="StarNight.Map.Tests.EditMode.Sv5.Sv5SpaceDiversityTests" runstate="Runnable" seed="1199763133" result="Passed" start-time="2026-09-11 16:32:58Z" end-time="2026-09-11 16:32:58Z" duration="0.002662" asserts="0">
                    <properties>
                      <property name="retryIteration" value="0" />
                      <property name="repeatIteration" value="0" />
                    </properties>
                  </test-case>
                  <test-case id="24658" name="V03_FamilyAliasesIgnoreDisplayVariantsAndOrdinaryRoomsRemainExempt" fullname="StarNight.Map.Tests.EditMode.Sv5.Sv5SpaceDiversityTests.V03_FamilyAliasesIgnoreDisplayVariantsAndOrdinaryRoomsRemainExempt" methodname="V03_FamilyAliasesIgnoreDisplayVariantsAndOrdinaryRoomsRemainExempt" classname="StarNight.Map.Tests.EditMode.Sv5.Sv5SpaceDiversityTests" runstate="Runnable" seed="724310782" result="Passed" start-time="2026-09-11 16:32:58Z" end-time="2026-09-11 16:32:58Z" duration="0.000487" asserts="0">
                    <properties>
                      <property name="retryIteration" value="0" />
                      <property name="repeatIteration" value="0" />
                    </properties>
                  </test-case>
                  <test-case id="24659" name="V04_RequestScopedRollAndStableSelectionMatchTheFrozenProfile" fullname="StarNight.Map.Tests.EditMode.Sv5.Sv5SpaceDiversityTests.V04_RequestScopedRollAndStableSelectionMatchTheFrozenProfile" methodname="V04_RequestScopedRollAndStableSelectionMatchTheFrozenProfile" classname="StarNight.Map.Tests.EditMode.Sv5.Sv5SpaceDiversityTests" runstate="Runnable" seed="1774181592" result="Passed" start-time="2026-09-11 16:32:58Z" end-time="2026-09-11 16:32:58Z" duration="0.015540" asserts="0">
                    <properties>
                      <property name="retryIteration" value="0" />
                      <property name="repeatIteration" value="0" />
                    </properties>
                  </test-case>
                  <test-case id="24660" name="V05_ProductionSelectorActuallyMovesAwayFromNearbyRepeatsAcross64Seeds" fullname="StarNight.Map.Tests.EditMode.Sv5.Sv5SpaceDiversityTests.V05_ProductionSelectorActuallyMovesAwayFromNearbyRepeatsAcross64Seeds" methodname="V05_ProductionSelectorActuallyMovesAwayFromNearbyRepeatsAcross64Seeds" classname="StarNight.Map.Tests.EditMode.Sv5.Sv5SpaceDiversityTests" runstate="Runnable" seed="10910149" result="Passed" start-time="2026-09-11 16:32:58Z" end-time="2026-09-11 16:32:58Z" duration="0.005449" asserts="0">
                    <properties>
                      <property name="retryIteration" value="0" />
                      <property name="repeatIteration" value="0" />
                    </properties>
                    <output><![CDATA[PURE_SELECTOR_NEAR_OFF=64;ON=45
]]></output>
                  </test-case>
                  <test-case id="24661" name="V06_AllSoftFailuresUseMinimumRepeatLegalFallbackNotInvalidOrMissingPlaces" fullname="StarNight.Map.Tests.EditMode.Sv5.Sv5SpaceDiversityTests.V06_AllSoftFailuresUseMinimumRepeatLegalFallbackNotInvalidOrMissingPlaces" methodname="V06_AllSoftFailuresUseMinimumRepeatLegalFallbackNotInvalidOrMissingPlaces" classname="StarNight.Map.Tests.EditMode.Sv5.Sv5SpaceDiversityTests" runstate="Runnable" seed="631351014" result="Passed" start-time="2026-09-11 16:32:58Z" end-time="2026-09-11 16:32:58Z" duration="0.000820" asserts="0">
                    <properties>
                      <property name="retryIteration" value="0" />
                      <property name="repeatIteration" value="0" />
                    </properties>
                  </test-case>
                  <test-case id="24662" name="V07_DefaultRealPlanKeepsFix04GeometryAndReportsNoEligibleRepeat" fullname="StarNight.Map.Tests.EditMode.Sv5.Sv5SpaceDiversityTests.V07_DefaultRealPlanKeepsFix04GeometryAndReportsNoEligibleRepeat" methodname="V07_DefaultRealPlanKeepsFix04GeometryAndReportsNoEligibleRepeat" classname="StarNight.Map.Tests.EditMode.Sv5.Sv5SpaceDiversityTests" runstate="Runnable" seed="1582880561" result="Passed" start-time="2026-09-11 16:32:58Z" end-time="2026-09-11 16:33:38Z" duration="39.387234" asserts="0">
                    <properties>
                      <property name="retryIteration" value="0" />
                      <property name="repeatIteration" value="0" />
                    </properties>
                  </test-case>
                  <test-case id="24663" name="V08_FrozenThreeCaveIntegrationBuildsBothActualWorldPlans" fullname="StarNight.Map.Tests.EditMode.Sv5.Sv5SpaceDiversityTests.V08_FrozenThreeCaveIntegrationBuildsBothActualWorldPlans" methodname="V08_FrozenThreeCaveIntegrationBuildsBothActualWorldPlans" classname="StarNight.Map.Tests.EditMode.Sv5.Sv5SpaceDiversityTests" runstate="Runnable" seed="1123287969" result="Passed" start-time="2026-09-11 16:33:38Z" end-time="2026-09-11 16:34:21Z" duration="43.400196" asserts="0">
                    <properties>
                      <property name="retryIteration" value="0" />
                      <property name="repeatIteration" value="0" />
                    </properties>
                    <output><![CDATA[REPEAT|enabled=False|pairs=3|
REPEAT|enabled=True|pairs=2|
]]></output>
                  </test-case>
                  <test-case id="24664" name="V09_RealRepeatedPlanReducesPairsWithoutDeletingShrinkingOrRelabeling" fullname="StarNight.Map.Tests.EditMode.Sv5.Sv5SpaceDiversityTests.V09_RealRepeatedPlanReducesPairsWithoutDeletingShrinkingOrRelabeling" methodname="V09_RealRepeatedPlanReducesPairsWithoutDeletingShrinkingOrRelabeling" classname="StarNight.Map.Tests.EditMode.Sv5.Sv5SpaceDiversityTests" runstate="Runnable" seed="1769103896" result="Passed" start-time="2026-09-11 16:34:21Z" end-time="2026-09-11 16:34:21Z" duration="0.002128" asserts="0">
                    <properties>
                      <property name="retryIteration" value="0" />
                      <property name="repeatIteration" value="0" />
                    </properties>
                    <output><![CDATA[REAL_REPEAT_NEAR_PAIRS_OFF=3;ON=2
]]></output>
                  </test-case>
                  <test-case id="24665" name="V10_BothChangedPlansUseUnchangedProductionSafetyAndRejectNegativeGeometry" fullname="StarNight.Map.Tests.EditMode.Sv5.Sv5SpaceDiversityTests.V10_BothChangedPlansUseUnchangedProductionSafetyAndRejectNegativeGeometry" methodname="V10_BothChangedPlansUseUnchangedProductionSafetyAndRejectNegativeGeometry" classname="StarNight.Map.Tests.EditMode.Sv5.Sv5SpaceDiversityTests" runstate="Runnable" seed="1989425170" result="Passed" start-time="2026-09-11 16:34:21Z" end-time="2026-09-11 16:34:23Z" duration="2.156804" asserts="0">
                    <properties>
                      <property name="retryIteration" value="0" />
                      <property name="repeatIteration" value="0" />
                    </properties>
                  </test-case>
                  <test-case id="24666" name="V11_ExportsBindActualSelectionsGeometryAndPolicyAndAreByteDeterministic" fullname="StarNight.Map.Tests.EditMode.Sv5.Sv5SpaceDiversityTests.V11_ExportsBindActualSelectionsGeometryAndPolicyAndAreByteDeterministic" methodname="V11_ExportsBindActualSelectionsGeometryAndPolicyAndAreByteDeterministic" classname="StarNight.Map.Tests.EditMode.Sv5.Sv5SpaceDiversityTests" runstate="Runnable" seed="1174631347" result="Passed" start-time="2026-09-11 16:34:23Z" end-time="2026-09-11 16:35:25Z" duration="61.752971" asserts="0">
                    <properties>
                      <property name="retryIteration" value="0" />
                      <property name="repeatIteration" value="0" />
                    </properties>
                    <output><![CDATA[EXPORT_IDENTICAL_FILES=80;DEFAULT_OFF=6ee60821aba144aaf21e2d5539dfe30745ce044379c349d414b8d279389abe3d;DEFAULT_ON=10080e53c3d4c47f6e93f49118c7c648f07c1f3162742ce866b6ecd8a0be3e46;REPEAT_OFF=5d775db39431fc1bcc482f3e867e97aa6eba6232965544715e4422cb7c746c93;REPEAT_ON=94c9f3a353e39984633a755af7842e87989e86dc97c3545ce87a4ac4da4397b7
]]></output>
                  </test-case>
                  <test-case id="24667" name="V12_HistoricalAlwaysBytesAndSeventyExistingTestNamesRemainUnchanged" fullname="StarNight.Map.Tests.EditMode.Sv5.Sv5SpaceDiversityTests.V12_HistoricalAlwaysBytesAndSeventyExistingTestNamesRemainUnchanged" methodname="V12_HistoricalAlwaysBytesAndSeventyExistingTestNamesRemainUnchanged" classname="StarNight.Map.Tests.EditMode.Sv5.Sv5SpaceDiversityTests" runstate="Runnable" seed="1595675137" result="Passed" start-time="2026-09-11 16:35:25Z" end-time="2026-09-11 16:35:28Z" duration="2.551570" asserts="0">
                    <properties>
                      <property name="retryIteration" value="0" />
                      <property name="repeatIteration" value="0" />
                    </properties>
                    <output><![CDATA[ALWAYS_RAW_BYTES_CHECKED=543;EXISTING_TEST_NAMES=70;Final focused XML and external pre/post audit remain required; this test does not claim their results.
]]></output>
                  </test-case>
                </test-suite>
                <test-suite type="TestFixture" id="24668" name="Sv5SpaceGraphFix01Tests" fullname="StarNight.Map.Tests.EditMode.Sv5.Sv5SpaceGraphFix01Tests" classname="StarNight.Map.Tests.EditMode.Sv5.Sv5SpaceGraphFix01Tests" runstate="Runnable" testcasecount="8" result="Passed" start-time="2026-09-11 16:35:28Z" end-time="2026-09-11 16:36:04Z" duration="36.215110" total="8" passed="8" failed="0" inconclusive="0" skipped="0" asserts="0">
                  <properties>
                    <property name="Category" value="SV5_06_FIX01" />
                  </properties>
                  <test-case id="24669" name="N01_Old5347AndOmitted4746AreReproducedThenAcceptedCoverageIsComplete" fullname="StarNight.Map.Tests.EditMode.Sv5.Sv5SpaceGraphFix01Tests.N01_Old5347AndOmitted4746AreReproducedThenAcceptedCoverageIsComplete" methodname="N01_Old5347AndOmitted4746AreReproducedThenAcceptedCoverageIsComplete" classname="StarNight.Map.Tests.EditMode.Sv5.Sv5SpaceGraphFix01Tests" runstate="Runnable" seed="1131602061" result="Passed" start-time="2026-09-11 16:35:28Z" end-time="2026-09-11 16:35:49Z" duration="21.275960" asserts="0">
                    <properties>
                      <property name="retryIteration" value="0" />
                      <property name="repeatIteration" value="0" />
                    </properties>
                  </test-case>
                  <test-case id="24670" name="N02_OldFixedSolidAndSupportConflictsAreRejectedWhileAcceptedPlanHasZero" fullname="StarNight.Map.Tests.EditMode.Sv5.Sv5SpaceGraphFix01Tests.N02_OldFixedSolidAndSupportConflictsAreRejectedWhileAcceptedPlanHasZero" methodname="N02_OldFixedSolidAndSupportConflictsAreRejectedWhileAcceptedPlanHasZero" classname="StarNight.Map.Tests.EditMode.Sv5.Sv5SpaceGraphFix01Tests" runstate="Runnable" seed="1540681426" result="Passed" start-time="2026-09-11 16:35:49Z" end-time="2026-09-11 16:35:49Z" duration="0.054875" asserts="0">
                    <properties>
                      <property name="retryIteration" value="0" />
                      <property name="repeatIteration" value="0" />
                    </properties>
                  </test-case>
                  <test-case id="24671" name="N03_PortFlowDirectionAndFullWidthFixturesRejectMalformedInputs" fullname="StarNight.Map.Tests.EditMode.Sv5.Sv5SpaceGraphFix01Tests.N03_PortFlowDirectionAndFullWidthFixturesRejectMalformedInputs" methodname="N03_PortFlowDirectionAndFullWidthFixturesRejectMalformedInputs" classname="StarNight.Map.Tests.EditMode.Sv5.Sv5SpaceGraphFix01Tests" runstate="Runnable" seed="215870105" result="Passed" start-time="2026-09-11 16:35:49Z" end-time="2026-09-11 16:35:49Z" duration="0.003454" asserts="0">
                    <properties>
                      <property name="retryIteration" value="0" />
                      <property name="repeatIteration" value="0" />
                    </properties>
                  </test-case>
                  <test-case id="24672" name="N04_DeletingAnActualCoreConnectorFailsProductionProjection" fullname="StarNight.Map.Tests.EditMode.Sv5.Sv5SpaceGraphFix01Tests.N04_DeletingAnActualCoreConnectorFailsProductionProjection" methodname="N04_DeletingAnActualCoreConnectorFailsProductionProjection" classname="StarNight.Map.Tests.EditMode.Sv5.Sv5SpaceGraphFix01Tests" runstate="Runnable" seed="61818168" result="Passed" start-time="2026-09-11 16:35:49Z" end-time="2026-09-11 16:36:01Z" duration="11.840716" asserts="0">
                    <properties>
                      <property name="retryIteration" value="0" />
                      <property name="repeatIteration" value="0" />
                    </properties>
                  </test-case>
                  <test-case id="24673" name="N05_SideBypassFixtureFailsAndAcceptedFullBoundaryPassesOpenSealedChecks" fullname="StarNight.Map.Tests.EditMode.Sv5.Sv5SpaceGraphFix01Tests.N05_SideBypassFixtureFailsAndAcceptedFullBoundaryPassesOpenSealedChecks" methodname="N05_SideBypassFixtureFailsAndAcceptedFullBoundaryPassesOpenSealedChecks" classname="StarNight.Map.Tests.EditMode.Sv5.Sv5SpaceGraphFix01Tests" runstate="Runnable" seed="316259490" result="Passed" start-time="2026-09-11 16:36:01Z" end-time="2026-09-11 16:36:02Z" duration="0.933155" asserts="0">
                    <properties>
                      <property name="retryIteration" value="0" />
                      <property name="repeatIteration" value="0" />
                    </properties>
                  </test-case>
                  <test-case id="24674" name="N06_SixOrdersAndEveryReachableStateRetainNormalReturn" fullname="StarNight.Map.Tests.EditMode.Sv5.Sv5SpaceGraphFix01Tests.N06_SixOrdersAndEveryReachableStateRetainNormalReturn" methodname="N06_SixOrdersAndEveryReachableStateRetainNormalReturn" classname="StarNight.Map.Tests.EditMode.Sv5.Sv5SpaceGraphFix01Tests" runstate="Runnable" seed="1700234920" result="Passed" start-time="2026-09-11 16:36:02Z" end-time="2026-09-11 16:36:02Z" duration="0.000819" asserts="0">
                    <properties>
                      <property name="retryIteration" value="0" />
                      <property name="repeatIteration" value="0" />
                    </properties>
                  </test-case>
                  <test-case id="24675" name="N07_DigestBindsPortEnvelopeFlowGateAndSetOrderSemantics" fullname="StarNight.Map.Tests.EditMode.Sv5.Sv5SpaceGraphFix01Tests.N07_DigestBindsPortEnvelopeFlowGateAndSetOrderSemantics" methodname="N07_DigestBindsPortEnvelopeFlowGateAndSetOrderSemantics" classname="StarNight.Map.Tests.EditMode.Sv5.Sv5SpaceGraphFix01Tests" runstate="Runnable" seed="802675053" result="Passed" start-time="2026-09-11 16:36:02Z" end-time="2026-09-11 16:36:02Z" duration="0.010498" asserts="0">
                    <properties>
                      <property name="retryIteration" value="0" />
                      <property name="repeatIteration" value="0" />
                    </properties>
                  </test-case>
                  <test-case id="24676" name="N08_OneAcceptedPlanWritesConsistentEvidenceWithoutChangingHistoricalBytes" fullname="StarNight.Map.Tests.EditMode.Sv5.Sv5SpaceGraphFix01Tests.N08_OneAcceptedPlanWritesConsistentEvidenceWithoutChangingHistoricalBytes" methodname="N08_OneAcceptedPlanWritesConsistentEvidenceWithoutChangingHistoricalBytes" classname="StarNight.Map.Tests.EditMode.Sv5.Sv5SpaceGraphFix01Tests" runstate="Runnable" seed="158703125" result="Passed" start-time="2026-09-11 16:36:02Z" end-time="2026-09-11 16:36:04Z" duration="2.077641" asserts="0">
                    <properties>
                      <property name="retryIteration" value="0" />
                      <property name="repeatIteration" value="0" />
                    </properties>
                    <output><![CDATA[SV5_06_FIX01_EXPORT_BEGIN
PLAN_DIGEST=10080e53c3d4c47f6e93f49118c7c648f07c1f3162742ce866b6ecd8a0be3e46
OUTPUT_DIRECTORY=C:\Users\user\Documents\GitHub\Optimal-Selection\Constant\MapDesign\MCP\GENERATED\SV5_08\_work\legacy_exports\sv5_06_fix01_n08
SV5_06_FIX01_EXPORT_END
]]></output>
                  </test-case>
                </test-suite>
                <test-suite type="TestFixture" id="24677" name="Sv5SpaceGraphFix02Tests" fullname="StarNight.Map.Tests.EditMode.Sv5.Sv5SpaceGraphFix02Tests" classname="StarNight.Map.Tests.EditMode.Sv5.Sv5SpaceGraphFix02Tests" runstate="Runnable" testcasecount="8" result="Passed" start-time="2026-09-11 16:36:04Z" end-time="2026-09-11 16:36:38Z" duration="34.080241" total="8" passed="8" failed="0" inconclusive="0" skipped="0" asserts="0">
                  <properties>
                    <property name="Category" value="SV5_06_FIX02" />
                  </properties>
                  <test-case id="24678" name="G01_W01OldSealEntryBlockIsReproducedAndForgeStateOpensOwnedGate" fullname="StarNight.Map.Tests.EditMode.Sv5.Sv5SpaceGraphFix02Tests.G01_W01OldSealEntryBlockIsReproducedAndForgeStateOpensOwnedGate" methodname="G01_W01OldSealEntryBlockIsReproducedAndForgeStateOpensOwnedGate" classname="StarNight.Map.Tests.EditMode.Sv5.Sv5SpaceGraphFix02Tests" runstate="Runnable" seed="660388051" result="Passed" start-time="2026-09-11 16:36:04Z" end-time="2026-09-11 16:36:26Z" duration="21.879752" asserts="0">
                    <properties>
                      <property name="retryIteration" value="0" />
                      <property name="repeatIteration" value="0" />
                    </properties>
                  </test-case>
                  <test-case id="24679" name="G02_W02BossApproachOpensButExitRemainsSealedUntilBossComplete" fullname="StarNight.Map.Tests.EditMode.Sv5.Sv5SpaceGraphFix02Tests.G02_W02BossApproachOpensButExitRemainsSealedUntilBossComplete" methodname="G02_W02BossApproachOpensButExitRemainsSealedUntilBossComplete" classname="StarNight.Map.Tests.EditMode.Sv5.Sv5SpaceGraphFix02Tests" runstate="Runnable" seed="328202907" result="Passed" start-time="2026-09-11 16:36:26Z" end-time="2026-09-11 16:36:26Z" duration="0.001295" asserts="0">
                    <properties>
                      <property name="retryIteration" value="0" />
                      <property name="repeatIteration" value="0" />
                    </properties>
                  </test-case>
                  <test-case id="24680" name="G03_TruncatedCutAllowsSideBypassWhileAcceptedFullCutsPassAllStates" fullname="StarNight.Map.Tests.EditMode.Sv5.Sv5SpaceGraphFix02Tests.G03_TruncatedCutAllowsSideBypassWhileAcceptedFullCutsPassAllStates" methodname="G03_TruncatedCutAllowsSideBypassWhileAcceptedFullCutsPassAllStates" classname="StarNight.Map.Tests.EditMode.Sv5.Sv5SpaceGraphFix02Tests" runstate="Runnable" seed="250333453" result="Passed" start-time="2026-09-11 16:36:26Z" end-time="2026-09-11 16:36:28Z" duration="1.887897" asserts="0">
                    <properties>
                      <property name="retryIteration" value="0" />
                      <property name="repeatIteration" value="0" />
                    </properties>
                  </test-case>
                  <test-case id="24681" name="G04_ConditionalGateProtectedAirConflictRejectsCellOwnershipButAllowsFaceBoundary" fullname="StarNight.Map.Tests.EditMode.Sv5.Sv5SpaceGraphFix02Tests.G04_ConditionalGateProtectedAirConflictRejectsCellOwnershipButAllowsFaceBoundary" methodname="G04_ConditionalGateProtectedAirConflictRejectsCellOwnershipButAllowsFaceBoundary" classname="StarNight.Map.Tests.EditMode.Sv5.Sv5SpaceGraphFix02Tests" runstate="Runnable" seed="660308988" result="Passed" start-time="2026-09-11 16:36:28Z" end-time="2026-09-11 16:36:28Z" duration="0.007008" asserts="0">
                    <properties>
                      <property name="retryIteration" value="0" />
                      <property name="repeatIteration" value="0" />
                    </properties>
                  </test-case>
                  <test-case id="24682" name="G05_ProductionConnectionValidatorRejectsPortsFlowDirectionAndDisconnectedAperture" fullname="StarNight.Map.Tests.EditMode.Sv5.Sv5SpaceGraphFix02Tests.G05_ProductionConnectionValidatorRejectsPortsFlowDirectionAndDisconnectedAperture" methodname="G05_ProductionConnectionValidatorRejectsPortsFlowDirectionAndDisconnectedAperture" classname="StarNight.Map.Tests.EditMode.Sv5.Sv5SpaceGraphFix02Tests" runstate="Runnable" seed="1336694521" result="Passed" start-time="2026-09-11 16:36:28Z" end-time="2026-09-11 16:36:28Z" duration="0.004833" asserts="0">
                    <properties>
                      <property name="retryIteration" value="0" />
                      <property name="repeatIteration" value="0" />
                    </properties>
                  </test-case>
                  <test-case id="24683" name="G06_DeletedConnectorAndOneWayOptionalFailWhileSixOrdersAllRecover" fullname="StarNight.Map.Tests.EditMode.Sv5.Sv5SpaceGraphFix02Tests.G06_DeletedConnectorAndOneWayOptionalFailWhileSixOrdersAllRecover" methodname="G06_DeletedConnectorAndOneWayOptionalFailWhileSixOrdersAllRecover" classname="StarNight.Map.Tests.EditMode.Sv5.Sv5SpaceGraphFix02Tests" runstate="Runnable" seed="1998030565" result="Passed" start-time="2026-09-11 16:36:28Z" end-time="2026-09-11 16:36:28Z" duration="0.001268" asserts="0">
                    <properties>
                      <property name="retryIteration" value="0" />
                      <property name="repeatIteration" value="0" />
                    </properties>
                  </test-case>
                  <test-case id="24684" name="G07_DigestBindsPortFlowEnvelopeGatePredicateAndStatesButNotSetOrder" fullname="StarNight.Map.Tests.EditMode.Sv5.Sv5SpaceGraphFix02Tests.G07_DigestBindsPortFlowEnvelopeGatePredicateAndStatesButNotSetOrder" methodname="G07_DigestBindsPortFlowEnvelopeGatePredicateAndStatesButNotSetOrder" classname="StarNight.Map.Tests.EditMode.Sv5.Sv5SpaceGraphFix02Tests" runstate="Runnable" seed="1685557620" result="Passed" start-time="2026-09-11 16:36:28Z" end-time="2026-09-11 16:36:35Z" duration="7.446421" asserts="0">
                    <properties>
                      <property name="retryIteration" value="0" />
                      <property name="repeatIteration" value="0" />
                    </properties>
                  </test-case>
                  <test-case id="24685" name="G08_OneAcceptedPlanExportsDigestConsistentEvidenceAndPreservesPriorBytes" fullname="StarNight.Map.Tests.EditMode.Sv5.Sv5SpaceGraphFix02Tests.G08_OneAcceptedPlanExportsDigestConsistentEvidenceAndPreservesPriorBytes" methodname="G08_OneAcceptedPlanExportsDigestConsistentEvidenceAndPreservesPriorBytes" classname="StarNight.Map.Tests.EditMode.Sv5.Sv5SpaceGraphFix02Tests" runstate="Runnable" seed="1808133686" result="Passed" start-time="2026-09-11 16:36:35Z" end-time="2026-09-11 16:36:38Z" duration="2.848896" asserts="0">
                    <properties>
                      <property name="retryIteration" value="0" />
                      <property name="repeatIteration" value="0" />
                    </properties>
                    <output><![CDATA[SV5_06_FIX02_EXPORT_BEGIN
PLAN_DIGEST=10080e53c3d4c47f6e93f49118c7c648f07c1f3162742ce866b6ecd8a0be3e46
OUTPUT_DIRECTORY=C:\Users\user\Documents\GitHub\Optimal-Selection\Constant\MapDesign\MCP\GENERATED\SV5_08\_work\legacy_exports\sv5_06_fix02_g08
SV5_06_FIX02_EXPORT_END
]]></output>
                  </test-case>
                </test-suite>
                <test-suite type="TestFixture" id="24686" name="Sv5SpaceGraphFix03Tests" fullname="StarNight.Map.Tests.EditMode.Sv5.Sv5SpaceGraphFix03Tests" classname="StarNight.Map.Tests.EditMode.Sv5.Sv5SpaceGraphFix03Tests" runstate="Runnable" testcasecount="8" result="Passed" start-time="2026-09-11 16:36:38Z" end-time="2026-09-11 16:37:09Z" duration="31.102834" total="8" passed="8" failed="0" inconclusive="0" skipped="0" asserts="0">
                  <properties>
                    <property name="Category" value="SV5_06_FIX03" />
                  </properties>
                  <test-case id="24687" name="G01_ExactFix02CounterexampleIsRecordedAndAllNineProductionStatesPass" fullname="StarNight.Map.Tests.EditMode.Sv5.Sv5SpaceGraphFix03Tests.G01_ExactFix02CounterexampleIsRecordedAndAllNineProductionStatesPass" methodname="G01_ExactFix02CounterexampleIsRecordedAndAllNineProductionStatesPass" classname="StarNight.Map.Tests.EditMode.Sv5.Sv5SpaceGraphFix03Tests" runstate="Runnable" seed="262059626" result="Passed" start-time="2026-09-11 16:36:38Z" end-time="2026-09-11 16:37:00Z" duration="21.699990" asserts="0">
                    <properties>
                      <property name="retryIteration" value="0" />
                      <property name="repeatIteration" value="0" />
                    </properties>
                  </test-case>
                  <test-case id="24688" name="G02_DifferentPredicateSharedContactCannotBypassButSamePredicateJoinRemainsTraversable" fullname="StarNight.Map.Tests.EditMode.Sv5.Sv5SpaceGraphFix03Tests.G02_DifferentPredicateSharedContactCannotBypassButSamePredicateJoinRemainsTraversable" methodname="G02_DifferentPredicateSharedContactCannotBypassButSamePredicateJoinRemainsTraversable" classname="StarNight.Map.Tests.EditMode.Sv5.Sv5SpaceGraphFix03Tests" runstate="Runnable" seed="1633621722" result="Passed" start-time="2026-09-11 16:37:00Z" end-time="2026-09-11 16:37:00Z" duration="0.000860" asserts="0">
                    <properties>
                      <property name="retryIteration" value="0" />
                      <property name="repeatIteration" value="0" />
                    </properties>
                  </test-case>
                  <test-case id="24689" name="G03_DifferentPredicateFaceRequiresRealGlobalBoundaryGeometry" fullname="StarNight.Map.Tests.EditMode.Sv5.Sv5SpaceGraphFix03Tests.G03_DifferentPredicateFaceRequiresRealGlobalBoundaryGeometry" methodname="G03_DifferentPredicateFaceRequiresRealGlobalBoundaryGeometry" classname="StarNight.Map.Tests.EditMode.Sv5.Sv5SpaceGraphFix03Tests" runstate="Runnable" seed="52658947" result="Passed" start-time="2026-09-11 16:37:00Z" end-time="2026-09-11 16:37:00Z" duration="0.000487" asserts="0">
                    <properties>
                      <property name="retryIteration" value="0" />
                      <property name="repeatIteration" value="0" />
                    </properties>
                  </test-case>
                  <test-case id="24690" name="G04_RouteLabelsAndSetOrderDoNotChangeCoordinateReachability" fullname="StarNight.Map.Tests.EditMode.Sv5.Sv5SpaceGraphFix03Tests.G04_RouteLabelsAndSetOrderDoNotChangeCoordinateReachability" methodname="G04_RouteLabelsAndSetOrderDoNotChangeCoordinateReachability" classname="StarNight.Map.Tests.EditMode.Sv5.Sv5SpaceGraphFix03Tests" runstate="Runnable" seed="1646390558" result="Passed" start-time="2026-09-11 16:37:00Z" end-time="2026-09-11 16:37:00Z" duration="0.052027" asserts="0">
                    <properties>
                      <property name="retryIteration" value="0" />
                      <property name="repeatIteration" value="0" />
                    </properties>
                  </test-case>
                  <test-case id="24691" name="G05_EmptyFakeAndSharedFaceOnlyBoundariesAreRejected" fullname="StarNight.Map.Tests.EditMode.Sv5.Sv5SpaceGraphFix03Tests.G05_EmptyFakeAndSharedFaceOnlyBoundariesAreRejected" methodname="G05_EmptyFakeAndSharedFaceOnlyBoundariesAreRejected" classname="StarNight.Map.Tests.EditMode.Sv5.Sv5SpaceGraphFix03Tests" runstate="Runnable" seed="1296018587" result="Passed" start-time="2026-09-11 16:37:00Z" end-time="2026-09-11 16:37:00Z" duration="0.001057" asserts="0">
                    <properties>
                      <property name="retryIteration" value="0" />
                      <property name="repeatIteration" value="0" />
                    </properties>
                  </test-case>
                  <test-case id="24692" name="G06_BlockingIsGlobalAndEveryStateAppliesAllGatesSimultaneously" fullname="StarNight.Map.Tests.EditMode.Sv5.Sv5SpaceGraphFix03Tests.G06_BlockingIsGlobalAndEveryStateAppliesAllGatesSimultaneously" methodname="G06_BlockingIsGlobalAndEveryStateAppliesAllGatesSimultaneously" classname="StarNight.Map.Tests.EditMode.Sv5.Sv5SpaceGraphFix03Tests" runstate="Runnable" seed="263551208" result="Passed" start-time="2026-09-11 16:37:00Z" end-time="2026-09-11 16:37:00Z" duration="0.015626" asserts="0">
                    <properties>
                      <property name="retryIteration" value="0" />
                      <property name="repeatIteration" value="0" />
                    </properties>
                  </test-case>
                  <test-case id="24693" name="G07_PhysicalDigestBindsContactBoundaryGateAndStateButIgnoresSetOrder" fullname="StarNight.Map.Tests.EditMode.Sv5.Sv5SpaceGraphFix03Tests.G07_PhysicalDigestBindsContactBoundaryGateAndStateButIgnoresSetOrder" methodname="G07_PhysicalDigestBindsContactBoundaryGateAndStateButIgnoresSetOrder" classname="StarNight.Map.Tests.EditMode.Sv5.Sv5SpaceGraphFix03Tests" runstate="Runnable" seed="1136256942" result="Passed" start-time="2026-09-11 16:37:00Z" end-time="2026-09-11 16:37:07Z" duration="7.025727" asserts="0">
                    <properties>
                      <property name="retryIteration" value="0" />
                      <property name="repeatIteration" value="0" />
                    </properties>
                  </test-case>
                  <test-case id="24694" name="G08_AcceptedPlanExportsOneDigestAndPreservesFix02Bytes" fullname="StarNight.Map.Tests.EditMode.Sv5.Sv5SpaceGraphFix03Tests.G08_AcceptedPlanExportsOneDigestAndPreservesFix02Bytes" methodname="G08_AcceptedPlanExportsOneDigestAndPreservesFix02Bytes" classname="StarNight.Map.Tests.EditMode.Sv5.Sv5SpaceGraphFix03Tests" runstate="Runnable" seed="772961863" result="Passed" start-time="2026-09-11 16:37:07Z" end-time="2026-09-11 16:37:09Z" duration="2.304323" asserts="0">
                    <properties>
                      <property name="retryIteration" value="0" />
                      <property name="repeatIteration" value="0" />
                    </properties>
                    <output><![CDATA[SV5_06_FIX03_EXPORT_BEGIN
PLAN_DIGEST=10080e53c3d4c47f6e93f49118c7c648f07c1f3162742ce866b6ecd8a0be3e46
PHYSICAL_DIGEST=2688fd2b2f257331f91226701b3a6bc2e54de379d61565181b724f84fc446ded
OUTPUT_DIRECTORY=C:\Users\user\Documents\GitHub\Optimal-Selection\Constant\MapDesign\MCP\GENERATED\SV5_08\_work\legacy_exports\sv5_06_fix03
SV5_06_FIX03_EXPORT_END
]]></output>
                  </test-case>
                </test-suite>
                <test-suite type="TestFixture" id="24695" name="Sv5SpaceGraphFix04Tests" fullname="StarNight.Map.Tests.EditMode.Sv5.Sv5SpaceGraphFix04Tests" classname="StarNight.Map.Tests.EditMode.Sv5.Sv5SpaceGraphFix04Tests" runstate="Runnable" testcasecount="11" result="Passed" start-time="2026-09-11 16:37:09Z" end-time="2026-09-11 16:37:44Z" duration="34.616746" total="11" passed="11" failed="0" inconclusive="0" skipped="0" asserts="0">
                  <properties>
                    <property name="Category" value="SV5_06_FIX04" />
                  </properties>
                  <test-case id="24696" name="C01_Fix03CounterexampleIsPreserved" fullname="StarNight.Map.Tests.EditMode.Sv5.Sv5SpaceGraphFix04Tests.C01_Fix03CounterexampleIsPreserved" methodname="C01_Fix03CounterexampleIsPreserved" classname="StarNight.Map.Tests.EditMode.Sv5.Sv5SpaceGraphFix04Tests" runstate="Runnable" seed="1739405612" result="Passed" start-time="2026-09-11 16:37:09Z" end-time="2026-09-11 16:37:31Z" duration="21.637823" asserts="0">
                    <properties>
                      <property name="retryIteration" value="0" />
                      <property name="repeatIteration" value="0" />
                    </properties>
                    <output><![CDATA[OPEN_SV5_GATE_81BAEC0F51B2FEE6443F|expected=True|actual=True|reachable=True|success=True|faces=1
OPEN_SV5_GATE_CE3A6CEC888F775FDF94|expected=True|actual=True|reachable=True|success=True|faces=1
OPEN_SV5_GATE_D3E9DFDBAD3EFFEBB9CD|expected=True|actual=True|reachable=True|success=True|faces=1
SEALED_SV5_GATE_81BAEC0F51B2FEE6443F|expected=False|actual=False|reachable=False|success=True|faces=1
SEALED_SV5_GATE_CE3A6CEC888F775FDF94|expected=False|actual=False|reachable=False|success=True|faces=1
SEALED_SV5_GATE_D3E9DFDBAD3EFFEBB9CD|expected=False|actual=False|reachable=False|success=True|faces=1
W01_SEAL_ENTRY_REACHABLE|expected=True|actual=True|reachable=True|success=True|faces=1
W02_BOSS_APPROACH_REACHABLE|expected=True|actual=True|reachable=True|success=True|faces=1
W02_EXIT_REMAINS_SEALED|expected=False|actual=False|reachable=False|success=True|faces=1
diagnostics=
]]></output>
                  </test-case>
                  <test-case id="24697" name="C02_GateCandidateHasAnOutsidePortBoundary" fullname="StarNight.Map.Tests.EditMode.Sv5.Sv5SpaceGraphFix04Tests.C02_GateCandidateHasAnOutsidePortBoundary" methodname="C02_GateCandidateHasAnOutsidePortBoundary" classname="StarNight.Map.Tests.EditMode.Sv5.Sv5SpaceGraphFix04Tests" runstate="Runnable" seed="29716017" result="Passed" start-time="2026-09-11 16:37:31Z" end-time="2026-09-11 16:37:31Z" duration="0.000756" asserts="0">
                    <properties>
                      <property name="retryIteration" value="0" />
                      <property name="repeatIteration" value="0" />
                    </properties>
                  </test-case>
                  <test-case id="24699" name="F01_ConditionalGatesHaveExactLocalBarriers" fullname="StarNight.Map.Tests.EditMode.Sv5.Sv5SpaceGraphFix04Tests.F01_ConditionalGatesHaveExactLocalBarriers" methodname="F01_ConditionalGatesHaveExactLocalBarriers" classname="StarNight.Map.Tests.EditMode.Sv5.Sv5SpaceGraphFix04Tests" runstate="Runnable" seed="2066158343" result="Passed" start-time="2026-09-11 16:37:31Z" end-time="2026-09-11 16:37:32Z" duration="1.689141" asserts="0">
                    <properties>
                      <property name="retryIteration" value="0" />
                      <property name="repeatIteration" value="0" />
                    </properties>
                    <output><![CDATA[FIX03 local errors=218/225; FIX04 local errors=0
]]></output>
                  </test-case>
                  <test-case id="24700" name="F02_SharedAndFaceUsePhysicalGeometry" fullname="StarNight.Map.Tests.EditMode.Sv5.Sv5SpaceGraphFix04Tests.F02_SharedAndFaceUsePhysicalGeometry" methodname="F02_SharedAndFaceUsePhysicalGeometry" classname="StarNight.Map.Tests.EditMode.Sv5.Sv5SpaceGraphFix04Tests" runstate="Runnable" seed="934021525" result="Passed" start-time="2026-09-11 16:37:32Z" end-time="2026-09-11 16:37:32Z" duration="0.001096" asserts="0">
                    <properties>
                      <property name="retryIteration" value="0" />
                      <property name="repeatIteration" value="0" />
                    </properties>
                  </test-case>
                  <test-case id="24701" name="F03_DeepStarYeastApproachAndReturnReachable" fullname="StarNight.Map.Tests.EditMode.Sv5.Sv5SpaceGraphFix04Tests.F03_DeepStarYeastApproachAndReturnReachable" methodname="F03_DeepStarYeastApproachAndReturnReachable" classname="StarNight.Map.Tests.EditMode.Sv5.Sv5SpaceGraphFix04Tests" runstate="Runnable" seed="1858697362" result="Passed" start-time="2026-09-11 16:37:32Z" end-time="2026-09-11 16:37:33Z" duration="0.237073" asserts="0">
                    <properties>
                      <property name="retryIteration" value="0" />
                      <property name="repeatIteration" value="0" />
                    </properties>
                  </test-case>
                  <test-case id="24702" name="F04_BossForgeClosedPreservesNormalTransitions" fullname="StarNight.Map.Tests.EditMode.Sv5.Sv5SpaceGraphFix04Tests.F04_BossForgeClosedPreservesNormalTransitions" methodname="F04_BossForgeClosedPreservesNormalTransitions" classname="StarNight.Map.Tests.EditMode.Sv5.Sv5SpaceGraphFix04Tests" runstate="Runnable" seed="1328469353" result="Passed" start-time="2026-09-11 16:37:33Z" end-time="2026-09-11 16:37:33Z" duration="0.280506" asserts="0">
                    <properties>
                      <property name="retryIteration" value="0" />
                      <property name="repeatIteration" value="0" />
                    </properties>
                    <output><![CDATA[SV5_CORE_CONN_29dc755094886d48|FORGE_GATED_SEAL_APPROACH|522,134;523,134;524,134;525,134;526,134;527,134;528,134;529,134;530,134;531,134;532,134;533,134;534,134;535,134;536,134;537,134;538,134;539,134;540,134;541,134;542,134;543,134;544,134;545,134;546,134;547,134;548,134;549,134;550,134;551,134;552,134;553,134;554,134;555,134;556,134;557,134;558,134;559,134;560,134;561,134;562,134;563,134;563,135;563,136;563,137;563,138;563,139;563,140;563,141;563,142;563,143;563,144;563,145;563,146;563,147;563,148;563,149;563,150;563,151;563,152;563,153;563,154;563,155;563,156;563,157;563,158;563,159;563,160;563,161;563,162;563,163;563,164;563,165;563,166;563,167;563,168;563,169;563,170;563,171;563,172;563,173;563,174;563,175;563,176;563,177;563,178;563,179;563,180;563,181;563,182;563,183;563,184;563,185;563,186;563,187;563,188;563,189;563,190;563,191;563,192;563,193;563,194;563,195;563,196;563,197;563,198;563,199;563,200;563,201;563,202;563,203;563,204;563,205;563,206;563,207;563,208;563,209;563,210;563,211;563,212;563,213;563,214;563,215;563,216;563,217;563,218;563,219;563,220;563,221;563,222;563,223;563,224;563,225;563,226;563,227;563,228;563,229;563,230;563,231;563,232;563,233;563,234;563,235;563,236;563,237;563,238;563,239;563,240;563,241;563,242;563,243;563,244;563,245;563,246;563,247;563,248;563,249;563,250;563,251;563,252;563,253;563,254;563,255;563,256;563,257;563,258;563,259;563,260;563,261;563,262;563,263;563,264;563,265;563,266;563,267;563,268;563,269;563,270;563,271;563,272;563,273;563,274;563,275;563,276;563,277;563,278;563,279;563,280;563,281;563,282;563,283;563,284;563,285;563,286;563,287;563,288;563,289;563,290;563,291;563,292;563,293;563,294;563,295;563,296;563,297;563,298;563,299;563,300;563,301;563,302;563,303;563,304;563,305;563,306;563,307;563,308;563,309;563,310;563,311;563,312;563,313;563,314;563,315;563,316;563,317;563,318;563,319;563,320;563,321;563,322;562,322;562,323;561,323;560,323;559,323;558,323;557,323;556,323;555,323;554,323;553,323;552,323;551,323;550,323;549,323;548,323;547,323;546,323;545,323;544,323;543,323;542,323;541,323;540,323;539,323;538,323;537,323;536,323;535,323;534,323;533,323;532,323;531,323;530,323;530,322;530,321;530,320;530,319;530,318;530,317;530,316;530,315;530,314;531,314;532,314;532,313;533,313;533,312
SV5_CORE_CONN_74004c50147eb4af|BOSS_GATED_EXIT_APPROACH|560,312;561,312;561,311;561,310;561,309;561,308;561,307;561,306;561,305;561,304;561,303;561,302;560,302;559,302;558,302;557,302;556,302;555,302;554,302;553,302;552,302;551,302;550,302;549,302;548,302;547,302;546,302;545,302;544,302;543,302;542,302;541,302;540,302;539,302;538,302;537,302;536,302;535,302;534,302;533,302;532,302;531,302;530,302;529,302;528,302;527,302;526,302;525,302;524,302;523,302;522,302;521,302;520,302;519,302;518,302;517,302;516,302;515,302;514,302;513,302;512,302;511,302;510,302;509,302;508,302;507,302;506,302;505,302;504,302;503,302;502,302;501,302;500,302;499,302;498,302;497,302;496,302;495,302;494,302;493,302;492,302;491,302;490,302;489,302;488,302;487,302;486,302;485,302;484,302;483,302;482,302;481,302;480,302;479,302;478,302;477,302;476,302;475,302;474,302;473,302;472,302;471,302;470,302;469,302;468,302;467,302;466,302;465,302;464,302;463,302;462,302;461,302;460,302;459,302;458,302;457,302;456,302;455,302;454,302;453,302;452,302;451,302;450,302;449,302;448,302;447,302;446,302;445,302;444,302;443,302;442,302;441,302;440,302;439,302;438,302;437,302;436,302;435,302;434,302;433,302;432,302;431,302;430,302;429,302;428,302;427,302;426,302;425,302;424,302;423,302;422,302;421,302;420,302;419,302;418,302;417,302;416,302;415,302;414,302;413,302;412,302;411,302;410,302;409,302;408,302;407,302;406,302;405,302;404,302;403,302;402,302;401,302;400,302;399,302;398,302;397,302;396,302;395,302;394,302;393,302;392,302;391,302;390,302;389,302;388,302;387,302;386,302;385,302;384,302;383,302;382,302;381,302;380,302;379,302;378,302;377,302;376,302;375,302;374,302;373,302;372,302;371,302;370,302;369,302;368,302;367,302;366,302;365,302;364,302;363,302;362,302;361,302;360,302;359,302;358,302;357,302;356,302;355,302;354,302;353,302;352,302;351,302;350,302;349,302;349,301;349,300;349,299;349,298;349,297;350,297;350,296
SV5_CORE_CONN_88ee0ec82e323424|SEAL_GATED_BOSS_APPROACH|560,312;561,312;561,313;561,314;561,315;561,316;561,317;561,318;561,319;561,320;561,321;560,321;559,321;558,321;557,321;556,321;555,321;554,321;553,321;552,321;551,321;550,321;549,321;548,321;547,321;546,321;545,321;544,321;543,321;542,321;541,321;540,321;539,321;538,321;537,321;536,321;535,321;534,321;533,321;532,321;532,320;532,319;532,318;532,317;532,316;532,315;532,314;532,313;533,313;533,312
SV5_GATE_81BAEC0F51B2FEE6443F|SV5_CORE_CONN_29dc755094886d48|530,316>530,317
SV5_GATE_CE3A6CEC888F775FDF94|SV5_CORE_CONN_74004c50147eb4af|351,302>352,302
SV5_GATE_D3E9DFDBAD3EFFEBB9CD|SV5_CORE_CONN_88ee0ec82e323424|532,318>532,319
]]></output>
                  </test-case>
                  <test-case id="24703" name="F05_ResourceOrderStateProductIsComplete" fullname="StarNight.Map.Tests.EditMode.Sv5.Sv5SpaceGraphFix04Tests.F05_ResourceOrderStateProductIsComplete" methodname="F05_ResourceOrderStateProductIsComplete" classname="StarNight.Map.Tests.EditMode.Sv5.Sv5SpaceGraphFix04Tests" runstate="Runnable" seed="1890375450" result="Passed" start-time="2026-09-11 16:37:33Z" end-time="2026-09-11 16:37:33Z" duration="0.003940" asserts="0">
                    <properties>
                      <property name="retryIteration" value="0" />
                      <property name="repeatIteration" value="0" />
                    </properties>
                    <output><![CDATA[MooncoreOre>DeepStarYeast>CondensedCoefficientSap|states=105|transitions=219|reverse=105
DeepStarYeast>CondensedCoefficientSap>MooncoreOre|states=105|transitions=219|reverse=105
CondensedCoefficientSap>MooncoreOre>DeepStarYeast|states=105|transitions=219|reverse=105
CondensedCoefficientSap>DeepStarYeast>MooncoreOre|states=105|transitions=219|reverse=105
MooncoreOre>CondensedCoefficientSap>DeepStarYeast|states=105|transitions=219|reverse=105
DeepStarYeast>MooncoreOre>CondensedCoefficientSap|states=105|transitions=219|reverse=105
]]></output>
                  </test-case>
                  <test-case id="24704" name="F06_OptionalCollateralLocksAreAbsent" fullname="StarNight.Map.Tests.EditMode.Sv5.Sv5SpaceGraphFix04Tests.F06_OptionalCollateralLocksAreAbsent" methodname="F06_OptionalCollateralLocksAreAbsent" classname="StarNight.Map.Tests.EditMode.Sv5.Sv5SpaceGraphFix04Tests" runstate="Runnable" seed="122082933" result="Passed" start-time="2026-09-11 16:37:33Z" end-time="2026-09-11 16:37:33Z" duration="0.060393" asserts="0">
                    <properties>
                      <property name="retryIteration" value="0" />
                      <property name="repeatIteration" value="0" />
                    </properties>
                  </test-case>
                  <test-case id="24705" name="F07_RenameOrderDigestRegression" fullname="StarNight.Map.Tests.EditMode.Sv5.Sv5SpaceGraphFix04Tests.F07_RenameOrderDigestRegression" methodname="F07_RenameOrderDigestRegression" classname="StarNight.Map.Tests.EditMode.Sv5.Sv5SpaceGraphFix04Tests" runstate="Runnable" seed="1157711306" result="Passed" start-time="2026-09-11 16:37:33Z" end-time="2026-09-11 16:37:36Z" duration="2.790935" asserts="0">
                    <properties>
                      <property name="retryIteration" value="0" />
                      <property name="repeatIteration" value="0" />
                    </properties>
                  </test-case>
                  <test-case id="24706" name="F08_ExportEvidenceBindsProductDigest" fullname="StarNight.Map.Tests.EditMode.Sv5.Sv5SpaceGraphFix04Tests.F08_ExportEvidenceBindsProductDigest" methodname="F08_ExportEvidenceBindsProductDigest" classname="StarNight.Map.Tests.EditMode.Sv5.Sv5SpaceGraphFix04Tests" runstate="Runnable" seed="1579818753" result="Passed" start-time="2026-09-11 16:37:36Z" end-time="2026-09-11 16:37:44Z" duration="7.820310" asserts="0">
                    <properties>
                      <property name="retryIteration" value="0" />
                      <property name="repeatIteration" value="0" />
                    </properties>
                  </test-case>
                  <test-case id="24698" name="T01_ForgeOpenWithOtherGatesClosedUsesRealCorridor" fullname="StarNight.Map.Tests.EditMode.Sv5.Sv5SpaceGraphFix04Tests.T01_ForgeOpenWithOtherGatesClosedUsesRealCorridor" methodname="T01_ForgeOpenWithOtherGatesClosedUsesRealCorridor" classname="StarNight.Map.Tests.EditMode.Sv5.Sv5SpaceGraphFix04Tests" runstate="Runnable" seed="171452660" result="Passed" start-time="2026-09-11 16:37:44Z" end-time="2026-09-11 16:37:44Z" duration="0.090481" asserts="0">
                    <properties>
                      <property name="retryIteration" value="0" />
                      <property name="repeatIteration" value="0" />
                    </properties>
                    <output><![CDATA[SV5_CORE_CONN_29dc755094886d48|FORGE_GATED_SEAL_APPROACH|522,134;523,134;524,134;525,134;526,134;527,134;528,134;529,134;530,134;531,134;532,134;533,134;534,134;535,134;536,134;537,134;538,134;539,134;540,134;541,134;542,134;543,134;544,134;545,134;546,134;547,134;548,134;549,134;550,134;551,134;552,134;553,134;554,134;555,134;556,134;557,134;558,134;559,134;560,134;561,134;562,134;563,134;563,135;563,136;563,137;563,138;563,139;563,140;563,141;563,142;563,143;563,144;563,145;563,146;563,147;563,148;563,149;563,150;563,151;563,152;563,153;563,154;563,155;563,156;563,157;563,158;563,159;563,160;563,161;563,162;563,163;563,164;563,165;563,166;563,167;563,168;563,169;563,170;563,171;563,172;563,173;563,174;563,175;563,176;563,177;563,178;563,179;563,180;563,181;563,182;563,183;563,184;563,185;563,186;563,187;563,188;563,189;563,190;563,191;563,192;563,193;563,194;563,195;563,196;563,197;563,198;563,199;563,200;563,201;563,202;563,203;563,204;563,205;563,206;563,207;563,208;563,209;563,210;563,211;563,212;563,213;563,214;563,215;563,216;563,217;563,218;563,219;563,220;563,221;563,222;563,223;563,224;563,225;563,226;563,227;563,228;563,229;563,230;563,231;563,232;563,233;563,234;563,235;563,236;563,237;563,238;563,239;563,240;563,241;563,242;563,243;563,244;563,245;563,246;563,247;563,248;563,249;563,250;563,251;563,252;563,253;563,254;563,255;563,256;563,257;563,258;563,259;563,260;563,261;563,262;563,263;563,264;563,265;563,266;563,267;563,268;563,269;563,270;563,271;563,272;563,273;563,274;563,275;563,276;563,277;563,278;563,279;563,280;563,281;563,282;563,283;563,284;563,285;563,286;563,287;563,288;563,289;563,290;563,291;563,292;563,293;563,294;563,295;563,296;563,297;563,298;563,299;563,300;563,301;563,302;563,303;563,304;563,305;563,306;563,307;563,308;563,309;563,310;563,311;563,312;563,313;563,314;563,315;563,316;563,317;563,318;563,319;563,320;563,321;563,322;562,322;562,323;561,323;560,323;559,323;558,323;557,323;556,323;555,323;554,323;553,323;552,323;551,323;550,323;549,323;548,323;547,323;546,323;545,323;544,323;543,323;542,323;541,323;540,323;539,323;538,323;537,323;536,323;535,323;534,323;533,323;532,323;531,323;530,323;530,322;530,321;530,320;530,319;530,318;530,317;530,316;530,315;530,314;531,314;532,314;532,313;533,313;533,312
SV5_CORE_CONN_74004c50147eb4af|BOSS_GATED_EXIT_APPROACH|560,312;561,312;561,311;561,310;561,309;561,308;561,307;561,306;561,305;561,304;561,303;561,302;560,302;559,302;558,302;557,302;556,302;555,302;554,302;553,302;552,302;551,302;550,302;549,302;548,302;547,302;546,302;545,302;544,302;543,302;542,302;541,302;540,302;539,302;538,302;537,302;536,302;535,302;534,302;533,302;532,302;531,302;530,302;529,302;528,302;527,302;526,302;525,302;524,302;523,302;522,302;521,302;520,302;519,302;518,302;517,302;516,302;515,302;514,302;513,302;512,302;511,302;510,302;509,302;508,302;507,302;506,302;505,302;504,302;503,302;502,302;501,302;500,302;499,302;498,302;497,302;496,302;495,302;494,302;493,302;492,302;491,302;490,302;489,302;488,302;487,302;486,302;485,302;484,302;483,302;482,302;481,302;480,302;479,302;478,302;477,302;476,302;475,302;474,302;473,302;472,302;471,302;470,302;469,302;468,302;467,302;466,302;465,302;464,302;463,302;462,302;461,302;460,302;459,302;458,302;457,302;456,302;455,302;454,302;453,302;452,302;451,302;450,302;449,302;448,302;447,302;446,302;445,302;444,302;443,302;442,302;441,302;440,302;439,302;438,302;437,302;436,302;435,302;434,302;433,302;432,302;431,302;430,302;429,302;428,302;427,302;426,302;425,302;424,302;423,302;422,302;421,302;420,302;419,302;418,302;417,302;416,302;415,302;414,302;413,302;412,302;411,302;410,302;409,302;408,302;407,302;406,302;405,302;404,302;403,302;402,302;401,302;400,302;399,302;398,302;397,302;396,302;395,302;394,302;393,302;392,302;391,302;390,302;389,302;388,302;387,302;386,302;385,302;384,302;383,302;382,302;381,302;380,302;379,302;378,302;377,302;376,302;375,302;374,302;373,302;372,302;371,302;370,302;369,302;368,302;367,302;366,302;365,302;364,302;363,302;362,302;361,302;360,302;359,302;358,302;357,302;356,302;355,302;354,302;353,302;352,302;351,302;350,302;349,302;349,301;349,300;349,299;349,298;349,297;350,297;350,296
SV5_CORE_CONN_88ee0ec82e323424|SEAL_GATED_BOSS_APPROACH|560,312;561,312;561,313;561,314;561,315;561,316;561,317;561,318;561,319;561,320;561,321;560,321;559,321;558,321;557,321;556,321;555,321;554,321;553,321;552,321;551,321;550,321;549,321;548,321;547,321;546,321;545,321;544,321;543,321;542,321;541,321;540,321;539,321;538,321;537,321;536,321;535,321;534,321;533,321;532,321;532,320;532,319;532,318;532,317;532,316;532,315;532,314;532,313;533,313;533,312
SV5_GATE_81BAEC0F51B2FEE6443F|SV5_CORE_CONN_29dc755094886d48|530,316>530,317
SV5_GATE_CE3A6CEC888F775FDF94|SV5_CORE_CONN_74004c50147eb4af|351,302>352,302
SV5_GATE_D3E9DFDBAD3EFFEBB9CD|SV5_CORE_CONN_88ee0ec82e323424|532,318>532,319
]]></output>
                  </test-case>
                </test-suite>
                <test-suite type="TestFixture" id="24707" name="Sv5SpaceGraphPlanTests" fullname="StarNight.Map.Tests.EditMode.Sv5.Sv5SpaceGraphPlanTests" classname="StarNight.Map.Tests.EditMode.Sv5.Sv5SpaceGraphPlanTests" runstate="Runnable" testcasecount="10" result="Passed" start-time="2026-09-11 16:37:44Z" end-time="2026-09-11 16:39:22Z" duration="97.900151" total="10" passed="10" failed="0" inconclusive="0" skipped="0" asserts="0">
                  <properties>
                    <property name="Category" value="SV5_06" />
                  </properties>
                  <test-case id="24708" name="T01_CoreInputKeepsExactWorldGraphAndReservationIdentity" fullname="StarNight.Map.Tests.EditMode.Sv5.Sv5SpaceGraphPlanTests.T01_CoreInputKeepsExactWorldGraphAndReservationIdentity" methodname="T01_CoreInputKeepsExactWorldGraphAndReservationIdentity" classname="StarNight.Map.Tests.EditMode.Sv5.Sv5SpaceGraphPlanTests" runstate="Runnable" seed="1166374263" result="Passed" start-time="2026-09-11 16:37:44Z" end-time="2026-09-11 16:38:06Z" duration="22.289358" asserts="0">
                    <properties>
                      <property name="retryIteration" value="0" />
                      <property name="repeatIteration" value="0" />
                    </properties>
                  </test-case>
                  <test-case id="24709" name="T02_LayoutIsDeterministicDistributedAndNotTheApprovedExampleAnswer" fullname="StarNight.Map.Tests.EditMode.Sv5.Sv5SpaceGraphPlanTests.T02_LayoutIsDeterministicDistributedAndNotTheApprovedExampleAnswer" methodname="T02_LayoutIsDeterministicDistributedAndNotTheApprovedExampleAnswer" classname="StarNight.Map.Tests.EditMode.Sv5.Sv5SpaceGraphPlanTests" runstate="Runnable" seed="1866627646" result="Passed" start-time="2026-09-11 16:38:06Z" end-time="2026-09-11 16:39:19Z" duration="73.232404" asserts="0">
                    <properties>
                      <property name="retryIteration" value="0" />
                      <property name="repeatIteration" value="0" />
                    </properties>
                  </test-case>
                  <test-case id="24710" name="T03_PortsBindActualCoreAccessAndOptionalStartVillageReturn" fullname="StarNight.Map.Tests.EditMode.Sv5.Sv5SpaceGraphPlanTests.T03_PortsBindActualCoreAccessAndOptionalStartVillageReturn" methodname="T03_PortsBindActualCoreAccessAndOptionalStartVillageReturn" classname="StarNight.Map.Tests.EditMode.Sv5.Sv5SpaceGraphPlanTests" runstate="Runnable" seed="1976863177" result="Passed" start-time="2026-09-11 16:39:19Z" end-time="2026-09-11 16:39:19Z" duration="0.002082" asserts="0">
                    <properties>
                      <property name="retryIteration" value="0" />
                      <property name="repeatIteration" value="0" />
                    </properties>
                  </test-case>
                  <test-case id="24711" name="T04_CompleteContactEnumeratorKeepsCommonRouteFacePairsAndLayers" fullname="StarNight.Map.Tests.EditMode.Sv5.Sv5SpaceGraphPlanTests.T04_CompleteContactEnumeratorKeepsCommonRouteFacePairsAndLayers" methodname="T04_CompleteContactEnumeratorKeepsCommonRouteFacePairsAndLayers" classname="StarNight.Map.Tests.EditMode.Sv5.Sv5SpaceGraphPlanTests" runstate="Runnable" seed="2086215047" result="Passed" start-time="2026-09-11 16:39:19Z" end-time="2026-09-11 16:39:19Z" duration="0.001112" asserts="0">
                    <properties>
                      <property name="retryIteration" value="0" />
                      <property name="repeatIteration" value="0" />
                    </properties>
                  </test-case>
                  <test-case id="24712" name="T05_ContactTruthRequiresSharedFsmAndGuardsSensitiveMidRouteSwitches" fullname="StarNight.Map.Tests.EditMode.Sv5.Sv5SpaceGraphPlanTests.T05_ContactTruthRequiresSharedFsmAndGuardsSensitiveMidRouteSwitches" methodname="T05_ContactTruthRequiresSharedFsmAndGuardsSensitiveMidRouteSwitches" classname="StarNight.Map.Tests.EditMode.Sv5.Sv5SpaceGraphPlanTests" runstate="Runnable" seed="1383392312" result="Passed" start-time="2026-09-11 16:39:19Z" end-time="2026-09-11 16:39:19Z" duration="0.140908" asserts="0">
                    <properties>
                      <property name="retryIteration" value="0" />
                      <property name="repeatIteration" value="0" />
                    </properties>
                  </test-case>
                  <test-case id="24713" name="T06_ActualConnectorProjectionPassesSixOrdersWithoutAbstractEdgeSubstitution" fullname="StarNight.Map.Tests.EditMode.Sv5.Sv5SpaceGraphPlanTests.T06_ActualConnectorProjectionPassesSixOrdersWithoutAbstractEdgeSubstitution" methodname="T06_ActualConnectorProjectionPassesSixOrdersWithoutAbstractEdgeSubstitution" classname="StarNight.Map.Tests.EditMode.Sv5.Sv5SpaceGraphPlanTests" runstate="Runnable" seed="1858858854" result="Passed" start-time="2026-09-11 16:39:19Z" end-time="2026-09-11 16:39:19Z" duration="0.001165" asserts="0">
                    <properties>
                      <property name="retryIteration" value="0" />
                      <property name="repeatIteration" value="0" />
                    </properties>
                  </test-case>
                  <test-case id="24714" name="T07_GatesAndCrossingsAreExplicitAndCannotClaimRuntimeGeometry" fullname="StarNight.Map.Tests.EditMode.Sv5.Sv5SpaceGraphPlanTests.T07_GatesAndCrossingsAreExplicitAndCannotClaimRuntimeGeometry" methodname="T07_GatesAndCrossingsAreExplicitAndCannotClaimRuntimeGeometry" classname="StarNight.Map.Tests.EditMode.Sv5.Sv5SpaceGraphPlanTests" runstate="Runnable" seed="7456410" result="Passed" start-time="2026-09-11 16:39:19Z" end-time="2026-09-11 16:39:19Z" duration="0.004668" asserts="0">
                    <properties>
                      <property name="retryIteration" value="0" />
                      <property name="repeatIteration" value="0" />
                    </properties>
                  </test-case>
                  <test-case id="24715" name="T08_AllReachableStatesRecoverAndOptionalCircuitHasNoTrappingDeadEnd" fullname="StarNight.Map.Tests.EditMode.Sv5.Sv5SpaceGraphPlanTests.T08_AllReachableStatesRecoverAndOptionalCircuitHasNoTrappingDeadEnd" methodname="T08_AllReachableStatesRecoverAndOptionalCircuitHasNoTrappingDeadEnd" classname="StarNight.Map.Tests.EditMode.Sv5.Sv5SpaceGraphPlanTests" runstate="Runnable" seed="1688228965" result="Passed" start-time="2026-09-11 16:39:19Z" end-time="2026-09-11 16:39:19Z" duration="0.000747" asserts="0">
                    <properties>
                      <property name="retryIteration" value="0" />
                      <property name="repeatIteration" value="0" />
                    </properties>
                  </test-case>
                  <test-case id="24716" name="T09_DigestAndSchemasTrackSemanticsButIgnoreInputEnumerationOrder" fullname="StarNight.Map.Tests.EditMode.Sv5.Sv5SpaceGraphPlanTests.T09_DigestAndSchemasTrackSemanticsButIgnoreInputEnumerationOrder" methodname="T09_DigestAndSchemasTrackSemanticsButIgnoreInputEnumerationOrder" classname="StarNight.Map.Tests.EditMode.Sv5.Sv5SpaceGraphPlanTests" runstate="Runnable" seed="860359357" result="Passed" start-time="2026-09-11 16:39:19Z" end-time="2026-09-11 16:39:19Z" duration="0.109065" asserts="0">
                    <properties>
                      <property name="retryIteration" value="0" />
                      <property name="repeatIteration" value="0" />
                    </properties>
                  </test-case>
                  <test-case id="24717" name="T10_ExportsOnePlanWithoutChangingHistoricalEvidence" fullname="StarNight.Map.Tests.EditMode.Sv5.Sv5SpaceGraphPlanTests.T10_ExportsOnePlanWithoutChangingHistoricalEvidence" methodname="T10_ExportsOnePlanWithoutChangingHistoricalEvidence" classname="StarNight.Map.Tests.EditMode.Sv5.Sv5SpaceGraphPlanTests" runstate="Runnable" seed="676529859" result="Passed" start-time="2026-09-11 16:39:19Z" end-time="2026-09-11 16:39:22Z" duration="2.115274" asserts="0">
                    <properties>
                      <property name="retryIteration" value="0" />
                      <property name="repeatIteration" value="0" />
                    </properties>
                    <output><![CDATA[SV5_06_EXPORT_BEGIN
PLAN_DIGEST=10080e53c3d4c47f6e93f49118c7c648f07c1f3162742ce866b6ecd8a0be3e46
OUTPUT_DIRECTORY=C:\Users\user\Documents\GitHub\Optimal-Selection\Constant\MapDesign\MCP\GENERATED\SV5_08\_work\legacy_exports\sv5_06_original_t10
SV5_06_EXPORT_END
]]></output>
                  </test-case>
                </test-suite>
                <test-suite type="TestFixture" id="24718" name="Sv5SpaceInfillTests" fullname="StarNight.Map.Tests.EditMode.Sv5.Sv5SpaceInfillTests" classname="StarNight.Map.Tests.EditMode.Sv5.Sv5SpaceInfillTests" runstate="Runnable" testcasecount="9" result="Passed" start-time="2026-09-11 16:39:22Z" end-time="2026-09-11 16:47:07Z" duration="465.359575" total="9" passed="9" failed="0" inconclusive="0" skipped="0" asserts="0">
                  <properties />
                  <test-case id="24719" name="T03_RealGenerationIsDeterministicAndExhaustedCandidatesCannotPassDensity" fullname="StarNight.Map.Tests.EditMode.Sv5.Sv5SpaceInfillTests.T03_RealGenerationIsDeterministicAndExhaustedCandidatesCannotPassDensity" methodname="T03_RealGenerationIsDeterministicAndExhaustedCandidatesCannotPassDensity" classname="StarNight.Map.Tests.EditMode.Sv5.Sv5SpaceInfillTests" runstate="Runnable" seed="1003052560" result="Passed" start-time="2026-09-11 16:39:22Z" end-time="2026-09-11 16:39:50Z" duration="28.316647" asserts="0">
                    <properties>
                      <property name="retryIteration" value="0" />
                      <property name="repeatIteration" value="0" />
                    </properties>
                  </test-case>
                  <test-case id="24720" name="T05_ProductionProtectionRejectsPassageClearanceCoreType0AndForeignHost" fullname="StarNight.Map.Tests.EditMode.Sv5.Sv5SpaceInfillTests.T05_ProductionProtectionRejectsPassageClearanceCoreType0AndForeignHost" methodname="T05_ProductionProtectionRejectsPassageClearanceCoreType0AndForeignHost" classname="StarNight.Map.Tests.EditMode.Sv5.Sv5SpaceInfillTests" runstate="Runnable" seed="1389883680" result="Passed" start-time="2026-09-11 16:39:50Z" end-time="2026-09-11 16:39:50Z" duration="0.080528" asserts="0">
                    <properties>
                      <property name="retryIteration" value="0" />
                      <property name="repeatIteration" value="0" />
                    </properties>
                  </test-case>
                  <test-case id="24721" name="T06_DefaultConnectedCellGenerationMeetsFrozenDensityAndLegacyCompletion" fullname="StarNight.Map.Tests.EditMode.Sv5.Sv5SpaceInfillTests.T06_DefaultConnectedCellGenerationMeetsFrozenDensityAndLegacyCompletion" methodname="T06_DefaultConnectedCellGenerationMeetsFrozenDensityAndLegacyCompletion" classname="StarNight.Map.Tests.EditMode.Sv5.Sv5SpaceInfillTests" runstate="Runnable" seed="559885329" result="Passed" start-time="2026-09-11 16:39:50Z" end-time="2026-09-11 16:40:49Z" duration="59.293329" asserts="0">
                    <properties>
                      <property name="Timeout" value="1200000" />
                      <property name="retryIteration" value="0" />
                      <property name="repeatIteration" value="0" />
                    </properties>
                  </test-case>
                  <test-case id="24722" name="T07_RepeatOnPreservesTwentyFourPlacesAndMeetsIdenticalDensity" fullname="StarNight.Map.Tests.EditMode.Sv5.Sv5SpaceInfillTests.T07_RepeatOnPreservesTwentyFourPlacesAndMeetsIdenticalDensity" methodname="T07_RepeatOnPreservesTwentyFourPlacesAndMeetsIdenticalDensity" classname="StarNight.Map.Tests.EditMode.Sv5.Sv5SpaceInfillTests" runstate="Runnable" seed="2058552848" result="Passed" start-time="2026-09-11 16:40:49Z" end-time="2026-09-11 16:42:18Z" duration="88.687950" asserts="0">
                    <properties>
                      <property name="Timeout" value="1200000" />
                      <property name="retryIteration" value="0" />
                      <property name="repeatIteration" value="0" />
                    </properties>
                    <output><![CDATA[REPEAT rooms=232;owned=70266;sectors=22,13,7,19,19,13,2,13,19,10,9,10,25,22,18,11;digest=82c31034ea601389a257e773caf96fe146abde1b3016018ff3aeae60115f73eb
]]></output>
                  </test-case>
                  <test-case id="24723" name="T08_AllNewAirJoinsTheActualCoordinateGraphAndEveryRoomHasSupportedReturn" fullname="StarNight.Map.Tests.EditMode.Sv5.Sv5SpaceInfillTests.T08_AllNewAirJoinsTheActualCoordinateGraphAndEveryRoomHasSupportedReturn" methodname="T08_AllNewAirJoinsTheActualCoordinateGraphAndEveryRoomHasSupportedReturn" classname="StarNight.Map.Tests.EditMode.Sv5.Sv5SpaceInfillTests" runstate="Runnable" seed="1000544413" result="Passed" start-time="2026-09-11 16:42:18Z" end-time="2026-09-11 16:45:01Z" duration="163.345510" asserts="0">
                    <properties>
                      <property name="Timeout" value="1200000" />
                      <property name="retryIteration" value="0" />
                      <property name="repeatIteration" value="0" />
                    </properties>
                  </test-case>
                  <test-case id="24724" name="T09_BothOnPlansRecomputeSixOrderProductAndRejectRemovedGateOrBypassAir" fullname="StarNight.Map.Tests.EditMode.Sv5.Sv5SpaceInfillTests.T09_BothOnPlansRecomputeSixOrderProductAndRejectRemovedGateOrBypassAir" methodname="T09_BothOnPlansRecomputeSixOrderProductAndRejectRemovedGateOrBypassAir" classname="StarNight.Map.Tests.EditMode.Sv5.Sv5SpaceInfillTests" runstate="Runnable" seed="1113207113" result="Passed" start-time="2026-09-11 16:45:01Z" end-time="2026-09-11 16:45:11Z" duration="10.106871" asserts="0">
                    <properties>
                      <property name="Timeout" value="1200000" />
                      <property name="retryIteration" value="0" />
                      <property name="repeatIteration" value="0" />
                    </properties>
                    <output><![CDATA[PRODUCT ec2e35e4ffb165bdd113c03108582c40d55bf1104b554fc339a8a251385dc465;rows=28350;orders=6;errors=0
PRODUCT 82c31034ea601389a257e773caf96fe146abde1b3016018ff3aeae60115f73eb;rows=33810;orders=6;errors=0
]]></output>
                  </test-case>
                  <test-case id="24725" name="T10_InfillOffMatchesPinnedDigestsAndOnPreservesOriginalGeometry" fullname="StarNight.Map.Tests.EditMode.Sv5.Sv5SpaceInfillTests.T10_InfillOffMatchesPinnedDigestsAndOnPreservesOriginalGeometry" methodname="T10_InfillOffMatchesPinnedDigestsAndOnPreservesOriginalGeometry" classname="StarNight.Map.Tests.EditMode.Sv5.Sv5SpaceInfillTests" runstate="Runnable" seed="741371574" result="Passed" start-time="2026-09-11 16:45:11Z" end-time="2026-09-11 16:46:00Z" duration="49.075662" asserts="0">
                    <properties>
                      <property name="Timeout" value="1200000" />
                      <property name="retryIteration" value="0" />
                      <property name="repeatIteration" value="0" />
                    </properties>
                  </test-case>
                  <test-case id="24726" name="T11_ActualExportsReconstructEveryCellAndMutationsChangeDigestOrFailValidation" fullname="StarNight.Map.Tests.EditMode.Sv5.Sv5SpaceInfillTests.T11_ActualExportsReconstructEveryCellAndMutationsChangeDigestOrFailValidation" methodname="T11_ActualExportsReconstructEveryCellAndMutationsChangeDigestOrFailValidation" classname="StarNight.Map.Tests.EditMode.Sv5.Sv5SpaceInfillTests" runstate="Runnable" seed="1457611942" result="Passed" start-time="2026-09-11 16:46:00Z" end-time="2026-09-11 16:47:03Z" duration="62.495725" asserts="0">
                    <properties>
                      <property name="Timeout" value="1200000" />
                      <property name="retryIteration" value="0" />
                      <property name="repeatIteration" value="0" />
                    </properties>
                  </test-case>
                  <test-case id="24727" name="T12_HistoricalLocksAndEightyTwoTestNamesRemainAndObligationsReflectActualState" fullname="StarNight.Map.Tests.EditMode.Sv5.Sv5SpaceInfillTests.T12_HistoricalLocksAndEightyTwoTestNamesRemainAndObligationsReflectActualState" methodname="T12_HistoricalLocksAndEightyTwoTestNamesRemainAndObligationsReflectActualState" classname="StarNight.Map.Tests.EditMode.Sv5.Sv5SpaceInfillTests" runstate="Runnable" seed="1405795831" result="Passed" start-time="2026-09-11 16:47:03Z" end-time="2026-09-11 16:47:07Z" duration="3.953743" asserts="0">
                    <properties>
                      <property name="Timeout" value="1200000" />
                      <property name="retryIteration" value="0" />
                      <property name="repeatIteration" value="0" />
                    </properties>
                    <output><![CDATA[ALWAYS=645;EXISTING_TEST_NAMES=82;This test does not claim the final focused XML or final _work cleanup; external post-run audit is mandatory.
<b><color=#2EA3FF>MCP-FOR-UNITY</color></b>: [TestRunnerNoThrottle] Restored Interaction Mode after test run.
Saving results to: C:/Users/user/AppData/LocalLow/DefaultCompany/별을 물어오는 밤\TestResults.xml
]]></output>
                  </test-case>
                </test-suite>
              </test-suite>
            </test-suite>
          </test-suite>
        </test-suite>
      </test-suite>
    </test-suite>
  </test-suite>
</test-run>